{'workers': 2, 'batchSize': 64, 'imageSize': 64, 'nz': 100, 'ngf': 64, 'ndf': 64, 'niter': 25, 'lr': 0.0002, 'beta1': 0.5, 'cuda': True, 'ngpu': 1, 'netG': '', 'netD': '', 'outf': 'outputs/', 'manualSeed': None, 'dataset': 'folder', 'dataroot': '../../data/dtd/'}
Random Seed:  9162
_netG(
  (main): Sequential(
    (0): ConvTranspose2d (100, 512, kernel_size=(4, 4), stride=(1, 1), bias=False)
    (1): BatchNorm2d(512, eps=1e-05, momentum=0.1, affine=True)
    (2): ReLU(inplace)
    (3): ConvTranspose2d (512, 256, kernel_size=(4, 4), stride=(2, 2), padding=(1, 1), bias=False)
    (4): BatchNorm2d(256, eps=1e-05, momentum=0.1, affine=True)
    (5): ReLU(inplace)
    (6): ConvTranspose2d (256, 128, kernel_size=(4, 4), stride=(2, 2), padding=(1, 1), bias=False)
    (7): BatchNorm2d(128, eps=1e-05, momentum=0.1, affine=True)
    (8): ReLU(inplace)
    (9): ConvTranspose2d (128, 64, kernel_size=(4, 4), stride=(2, 2), padding=(1, 1), bias=False)
    (10): BatchNorm2d(64, eps=1e-05, momentum=0.1, affine=True)
    (11): ReLU(inplace)
    (12): ConvTranspose2d (64, 3, kernel_size=(4, 4), stride=(2, 2), padding=(1, 1), bias=False)
    (13): Tanh()
  )
)
_netD(
  (main): Sequential(
    (0): Conv2d (3, 64, kernel_size=(4, 4), stride=(2, 2), padding=(1, 1), bias=False)
    (1): LeakyReLU(0.2, inplace)
    (2): Conv2d (64, 128, kernel_size=(4, 4), stride=(2, 2), padding=(1, 1), bias=False)
    (3): BatchNorm2d(128, eps=1e-05, momentum=0.1, affine=True)
    (4): LeakyReLU(0.2, inplace)
    (5): Conv2d (128, 256, kernel_size=(4, 4), stride=(2, 2), padding=(1, 1), bias=False)
    (6): BatchNorm2d(256, eps=1e-05, momentum=0.1, affine=True)
    (7): LeakyReLU(0.2, inplace)
    (8): Conv2d (256, 512, kernel_size=(4, 4), stride=(2, 2), padding=(1, 1), bias=False)
    (9): BatchNorm2d(512, eps=1e-05, momentum=0.1, affine=True)
    (10): LeakyReLU(0.2, inplace)
    (11): Conv2d (512, 1, kernel_size=(4, 4), stride=(1, 1), bias=False)
    (12): Sigmoid()
  )
)
[0/25][0/89] Loss_D: 1.3906 Loss_G: 6.4823 D(x): 0.5675 D(G(z)): 0.4492 / 0.0022
[0/25][1/89] Loss_D: 1.6516 Loss_G: 4.0703 D(x): 0.5634 D(G(z)): 0.3076 / 0.0212
[0/25][2/89] Loss_D: 1.3601 Loss_G: 5.7981 D(x): 0.7659 D(G(z)): 0.6141 / 0.0040
[0/25][3/89] Loss_D: 1.2458 Loss_G: 5.9618 D(x): 0.6069 D(G(z)): 0.3934 / 0.0038
[0/25][4/89] Loss_D: 0.9464 Loss_G: 5.5070 D(x): 0.6687 D(G(z)): 0.2732 / 0.0054
[0/25][5/89] Loss_D: 1.1621 Loss_G: 6.8016 D(x): 0.7504 D(G(z)): 0.4599 / 0.0018
[0/25][6/89] Loss_D: 0.7302 Loss_G: 7.3921 D(x): 0.7320 D(G(z)): 0.2571 / 0.0009
[0/25][7/89] Loss_D: 0.7063 Loss_G: 7.0283 D(x): 0.7171 D(G(z)): 0.2250 / 0.0011
[0/25][8/89] Loss_D: 0.8089 Loss_G: 8.0248 D(x): 0.7086 D(G(z)): 0.2954 / 0.0004
[0/25][9/89] Loss_D: 0.4579 Loss_G: 8.4195 D(x): 0.8374 D(G(z)): 0.2030 / 0.0003
[0/25][10/89] Loss_D: 0.4738 Loss_G: 9.1398 D(x): 0.8663 D(G(z)): 0.2453 / 0.0002
[0/25][11/89] Loss_D: 0.5622 Loss_G: 9.8123 D(x): 0.8555 D(G(z)): 0.2542 / 0.0001
[0/25][12/89] Loss_D: 0.5488 Loss_G: 8.7811 D(x): 0.7562 D(G(z)): 0.1812 / 0.0002
[0/25][13/89] Loss_D: 0.7771 Loss_G: 10.9734 D(x): 0.7670 D(G(z)): 0.3412 / 0.0000
[0/25][14/89] Loss_D: 0.3936 Loss_G: 8.5133 D(x): 0.7682 D(G(z)): 0.0677 / 0.0004
[0/25][15/89] Loss_D: 1.1065 Loss_G: 12.1564 D(x): 0.7778 D(G(z)): 0.4499 / 0.0000
[0/25][16/89] Loss_D: 0.2059 Loss_G: 9.5320 D(x): 0.8458 D(G(z)): 0.0172 / 0.0001
[0/25][17/89] Loss_D: 0.6411 Loss_G: 10.5140 D(x): 0.7977 D(G(z)): 0.2761 / 0.0001
[0/25][18/89] Loss_D: 0.6182 Loss_G: 9.8659 D(x): 0.7354 D(G(z)): 0.1499 / 0.0001
[0/25][19/89] Loss_D: 0.5221 Loss_G: 14.4714 D(x): 0.9416 D(G(z)): 0.3337 / 0.0000
[0/25][20/89] Loss_D: 0.1926 Loss_G: 11.4807 D(x): 0.8776 D(G(z)): 0.0049 / 0.0000
[0/25][21/89] Loss_D: 0.4091 Loss_G: 10.1791 D(x): 0.8467 D(G(z)): 0.1769 / 0.0001
[0/25][22/89] Loss_D: 0.5490 Loss_G: 15.5441 D(x): 0.9119 D(G(z)): 0.3325 / 0.0000
[0/25][23/89] Loss_D: 0.2046 Loss_G: 13.5535 D(x): 0.8300 D(G(z)): 0.0007 / 0.0000
[0/25][24/89] Loss_D: 0.1637 Loss_G: 7.5182 D(x): 0.8738 D(G(z)): 0.0122 / 0.0013
[0/25][25/89] Loss_D: 1.7874 Loss_G: 20.4942 D(x): 0.9616 D(G(z)): 0.7637 / 0.0000
[0/25][26/89] Loss_D: 0.4719 Loss_G: 21.3839 D(x): 0.7101 D(G(z)): 0.0000 / 0.0000
[0/25][27/89] Loss_D: 0.2880 Loss_G: 16.3243 D(x): 0.7915 D(G(z)): 0.0000 / 0.0000
[0/25][28/89] Loss_D: 0.1911 Loss_G: 6.8460 D(x): 0.8624 D(G(z)): 0.0029 / 0.0018
[0/25][29/89] Loss_D: 3.9580 Loss_G: 18.9748 D(x): 0.9451 D(G(z)): 0.9658 / 0.0000
[0/25][30/89] Loss_D: 0.1540 Loss_G: 20.4513 D(x): 0.8892 D(G(z)): 0.0000 / 0.0000
[0/25][31/89] Loss_D: 0.2938 Loss_G: 15.8597 D(x): 0.7886 D(G(z)): 0.0000 / 0.0000
[0/25][32/89] Loss_D: 0.2145 Loss_G: 7.2403 D(x): 0.8322 D(G(z)): 0.0019 / 0.0010
[0/25][33/89] Loss_D: 2.6120 Loss_G: 18.0442 D(x): 0.9279 D(G(z)): 0.8845 / 0.0000
[0/25][34/89] Loss_D: 0.3055 Loss_G: 20.2114 D(x): 0.8061 D(G(z)): 0.0000 / 0.0000
[0/25][35/89] Loss_D: 0.2876 Loss_G: 15.9704 D(x): 0.7960 D(G(z)): 0.0000 / 0.0000
[0/25][36/89] Loss_D: 0.1000 Loss_G: 8.5884 D(x): 0.9155 D(G(z)): 0.0010 / 0.0005
[0/25][37/89] Loss_D: 0.9270 Loss_G: 14.7963 D(x): 0.9470 D(G(z)): 0.5342 / 0.0000
[0/25][38/89] Loss_D: 0.2698 Loss_G: 14.4214 D(x): 0.8081 D(G(z)): 0.0004 / 0.0000
[0/25][39/89] Loss_D: 0.2049 Loss_G: 9.6039 D(x): 0.8427 D(G(z)): 0.0010 / 0.0001
[0/25][40/89] Loss_D: 0.7641 Loss_G: 14.7262 D(x): 0.8680 D(G(z)): 0.3953 / 0.0000
[0/25][41/89] Loss_D: 0.2052 Loss_G: 11.9179 D(x): 0.8411 D(G(z)): 0.0040 / 0.0000
[0/25][42/89] Loss_D: 0.4746 Loss_G: 8.7517 D(x): 0.8276 D(G(z)): 0.1199 / 0.0002
[0/25][43/89] Loss_D: 0.2811 Loss_G: 11.3551 D(x): 0.9376 D(G(z)): 0.1748 / 0.0000
[0/25][44/89] Loss_D: 0.1157 Loss_G: 9.1327 D(x): 0.9268 D(G(z)): 0.0171 / 0.0004
[0/25][45/89] Loss_D: 0.3252 Loss_G: 8.5330 D(x): 0.8863 D(G(z)): 0.1468 / 0.0004
[0/25][46/89] Loss_D: 0.3438 Loss_G: 8.6712 D(x): 0.8576 D(G(z)): 0.1260 / 0.0003
[0/25][47/89] Loss_D: 0.5501 Loss_G: 6.3303 D(x): 0.6998 D(G(z)): 0.0701 / 0.0049
[0/25][48/89] Loss_D: 0.3435 Loss_G: 8.7752 D(x): 0.9011 D(G(z)): 0.1932 / 0.0003
[0/25][49/89] Loss_D: 0.2002 Loss_G: 7.1144 D(x): 0.8550 D(G(z)): 0.0200 / 0.0012
[0/25][50/89] Loss_D: 0.1694 Loss_G: 6.1927 D(x): 0.9417 D(G(z)): 0.0948 / 0.0031
[0/25][51/89] Loss_D: 0.3114 Loss_G: 5.9532 D(x): 0.8359 D(G(z)): 0.0926 / 0.0057
[0/25][52/89] Loss_D: 0.4344 Loss_G: 8.4669 D(x): 0.8808 D(G(z)): 0.2183 / 0.0004
[0/25][53/89] Loss_D: 0.0843 Loss_G: 8.0240 D(x): 0.9481 D(G(z)): 0.0260 / 0.0009
[0/25][54/89] Loss_D: 0.3633 Loss_G: 8.2324 D(x): 0.9315 D(G(z)): 0.2141 / 0.0009
[0/25][55/89] Loss_D: 0.3220 Loss_G: 7.1821 D(x): 0.8612 D(G(z)): 0.0907 / 0.0028
[0/25][56/89] Loss_D: 0.5026 Loss_G: 9.3285 D(x): 0.8732 D(G(z)): 0.2392 / 0.0002
[0/25][57/89] Loss_D: 0.5484 Loss_G: 7.7863 D(x): 0.7616 D(G(z)): 0.1052 / 0.0007
[0/25][58/89] Loss_D: 0.3607 Loss_G: 8.3508 D(x): 0.8664 D(G(z)): 0.1577 / 0.0005
[0/25][59/89] Loss_D: 0.4542 Loss_G: 6.5638 D(x): 0.7984 D(G(z)): 0.1317 / 0.0021
[0/25][60/89] Loss_D: 0.6070 Loss_G: 9.2259 D(x): 0.8058 D(G(z)): 0.2422 / 0.0010
[0/25][61/89] Loss_D: 0.5292 Loss_G: 6.2232 D(x): 0.7338 D(G(z)): 0.1112 / 0.0033
[0/25][62/89] Loss_D: 0.4280 Loss_G: 6.8548 D(x): 0.8639 D(G(z)): 0.2163 / 0.0018
[0/25][63/89] Loss_D: 0.2985 Loss_G: 5.1035 D(x): 0.8316 D(G(z)): 0.0836 / 0.0249
[0/25][64/89] Loss_D: 0.5672 Loss_G: 8.2604 D(x): 0.8782 D(G(z)): 0.3199 / 0.0006
[0/25][65/89] Loss_D: 1.5666 Loss_G: 0.4916 D(x): 0.3248 D(G(z)): 0.0226 / 0.6548
[0/25][66/89] Loss_D: 1.7524 Loss_G: 7.5690 D(x): 0.9777 D(G(z)): 0.7586 / 0.0014
[0/25][67/89] Loss_D: 0.4209 Loss_G: 7.0677 D(x): 0.7456 D(G(z)): 0.0200 / 0.0025
[0/25][68/89] Loss_D: 0.4107 Loss_G: 4.2607 D(x): 0.7548 D(G(z)): 0.0400 / 0.0376
[0/25][69/89] Loss_D: 0.9888 Loss_G: 5.1099 D(x): 0.8635 D(G(z)): 0.4692 / 0.0132
[0/25][70/89] Loss_D: 0.8961 Loss_G: 4.2873 D(x): 0.6304 D(G(z)): 0.2099 / 0.0182
[0/25][71/89] Loss_D: 0.5824 Loss_G: 4.6543 D(x): 0.7750 D(G(z)): 0.2197 / 0.0152
[0/25][72/89] Loss_D: 0.6592 Loss_G: 4.2448 D(x): 0.7339 D(G(z)): 0.2202 / 0.0245
[0/25][73/89] Loss_D: 0.6353 Loss_G: 4.0484 D(x): 0.7153 D(G(z)): 0.2007 / 0.0421
[0/25][74/89] Loss_D: 0.8231 Loss_G: 4.7144 D(x): 0.7769 D(G(z)): 0.3777 / 0.0143
[0/25][75/89] Loss_D: 0.7412 Loss_G: 3.3095 D(x): 0.6458 D(G(z)): 0.1475 / 0.0941
[0/25][76/89] Loss_D: 0.8032 Loss_G: 6.0601 D(x): 0.8716 D(G(z)): 0.4169 / 0.0039
[0/25][77/89] Loss_D: 0.5900 Loss_G: 3.8649 D(x): 0.6424 D(G(z)): 0.0523 / 0.0334
[0/25][78/89] Loss_D: 0.4868 Loss_G: 4.6988 D(x): 0.8865 D(G(z)): 0.2643 / 0.0172
[0/25][79/89] Loss_D: 0.5925 Loss_G: 4.1368 D(x): 0.7465 D(G(z)): 0.2073 / 0.0213
[0/25][80/89] Loss_D: 0.9589 Loss_G: 2.7397 D(x): 0.5574 D(G(z)): 0.2176 / 0.0776
[0/25][81/89] Loss_D: 1.0450 Loss_G: 7.9749 D(x): 0.8853 D(G(z)): 0.5618 / 0.0012
[0/25][82/89] Loss_D: 1.8366 Loss_G: 3.8380 D(x): 0.2589 D(G(z)): 0.0085 / 0.0479
[0/25][83/89] Loss_D: 0.5702 Loss_G: 3.7874 D(x): 0.8885 D(G(z)): 0.3004 / 0.0670
[0/25][84/89] Loss_D: 0.7286 Loss_G: 5.7068 D(x): 0.8888 D(G(z)): 0.4003 / 0.0047
[0/25][85/89] Loss_D: 0.3997 Loss_G: 5.7981 D(x): 0.7956 D(G(z)): 0.1097 / 0.0075
[0/25][86/89] Loss_D: 0.7659 Loss_G: 2.2810 D(x): 0.5795 D(G(z)): 0.0755 / 0.1298
[0/25][87/89] Loss_D: 1.3620 Loss_G: 7.0912 D(x): 0.9189 D(G(z)): 0.6579 / 0.0044
[0/25][88/89] Loss_D: 1.3827 Loss_G: 5.8523 D(x): 0.3956 D(G(z)): 0.0219 / 0.0077
[1/25][0/89] Loss_D: 0.5902 Loss_G: 2.3050 D(x): 0.6569 D(G(z)): 0.0804 / 0.1369
[1/25][1/89] Loss_D: 0.9895 Loss_G: 4.5107 D(x): 0.8847 D(G(z)): 0.5166 / 0.0217
[1/25][2/89] Loss_D: 0.3616 Loss_G: 4.8053 D(x): 0.8247 D(G(z)): 0.1236 / 0.0126
[1/25][3/89] Loss_D: 0.4301 Loss_G: 4.2698 D(x): 0.7925 D(G(z)): 0.1072 / 0.0208
[1/25][4/89] Loss_D: 0.4999 Loss_G: 4.8771 D(x): 0.8550 D(G(z)): 0.2632 / 0.0154
[1/25][5/89] Loss_D: 0.5485 Loss_G: 4.6338 D(x): 0.7694 D(G(z)): 0.1475 / 0.0150
[1/25][6/89] Loss_D: 0.3942 Loss_G: 4.7248 D(x): 0.8193 D(G(z)): 0.1466 / 0.0184
[1/25][7/89] Loss_D: 0.3332 Loss_G: 5.9718 D(x): 0.9115 D(G(z)): 0.2016 / 0.0087
[1/25][8/89] Loss_D: 0.2468 Loss_G: 5.4464 D(x): 0.8704 D(G(z)): 0.0911 / 0.0073
[1/25][9/89] Loss_D: 0.2834 Loss_G: 5.2502 D(x): 0.9086 D(G(z)): 0.1577 / 0.0078
[1/25][10/89] Loss_D: 0.3897 Loss_G: 5.0246 D(x): 0.8030 D(G(z)): 0.1351 / 0.0136
[1/25][11/89] Loss_D: 0.3602 Loss_G: 5.9754 D(x): 0.8969 D(G(z)): 0.2097 / 0.0037
[1/25][12/89] Loss_D: 0.4453 Loss_G: 4.9369 D(x): 0.7117 D(G(z)): 0.0554 / 0.0100
[1/25][13/89] Loss_D: 0.3614 Loss_G: 6.6391 D(x): 0.9252 D(G(z)): 0.2083 / 0.0099
[1/25][14/89] Loss_D: 0.2235 Loss_G: 7.7457 D(x): 0.9376 D(G(z)): 0.1287 / 0.0013
[1/25][15/89] Loss_D: 0.0857 Loss_G: 6.7313 D(x): 0.9385 D(G(z)): 0.0205 / 0.0023
[1/25][16/89] Loss_D: 0.1582 Loss_G: 5.4809 D(x): 0.9263 D(G(z)): 0.0741 / 0.0066
[1/25][17/89] Loss_D: 0.3237 Loss_G: 7.2391 D(x): 0.9318 D(G(z)): 0.2135 / 0.0010
[1/25][18/89] Loss_D: 0.2972 Loss_G: 5.9074 D(x): 0.7857 D(G(z)): 0.0206 / 0.0031
[1/25][19/89] Loss_D: 0.1852 Loss_G: 7.0742 D(x): 0.9591 D(G(z)): 0.1274 / 0.0028
[1/25][20/89] Loss_D: 0.1825 Loss_G: 6.8315 D(x): 0.9108 D(G(z)): 0.0612 / 0.0038
[1/25][21/89] Loss_D: 0.1959 Loss_G: 8.3516 D(x): 0.9546 D(G(z)): 0.1291 / 0.0003
[1/25][22/89] Loss_D: 0.0894 Loss_G: 7.1605 D(x): 0.9351 D(G(z)): 0.0145 / 0.0009
[1/25][23/89] Loss_D: 0.2831 Loss_G: 8.2417 D(x): 0.8873 D(G(z)): 0.1179 / 0.0006
[1/25][24/89] Loss_D: 0.1443 Loss_G: 6.7916 D(x): 0.8964 D(G(z)): 0.0256 / 0.0029
[1/25][25/89] Loss_D: 0.2829 Loss_G: 6.4108 D(x): 0.8946 D(G(z)): 0.1069 / 0.0024
[1/25][26/89] Loss_D: 0.2054 Loss_G: 6.8820 D(x): 0.9317 D(G(z)): 0.1120 / 0.0012
[1/25][27/89] Loss_D: 0.2825 Loss_G: 7.1217 D(x): 0.8572 D(G(z)): 0.1004 / 0.0012
[1/25][28/89] Loss_D: 0.1867 Loss_G: 6.3365 D(x): 0.9056 D(G(z)): 0.0645 / 0.0024
[1/25][29/89] Loss_D: 0.2010 Loss_G: 7.3981 D(x): 0.9498 D(G(z)): 0.1338 / 0.0013
[1/25][30/89] Loss_D: 0.0955 Loss_G: 6.5904 D(x): 0.9514 D(G(z)): 0.0422 / 0.0021
[1/25][31/89] Loss_D: 0.2456 Loss_G: 5.4103 D(x): 0.9184 D(G(z)): 0.0717 / 0.0050
[1/25][32/89] Loss_D: 0.2677 Loss_G: 7.2615 D(x): 0.9169 D(G(z)): 0.1570 / 0.0017
[1/25][33/89] Loss_D: 0.1079 Loss_G: 6.9605 D(x): 0.9429 D(G(z)): 0.0345 / 0.0026
[1/25][34/89] Loss_D: 0.1693 Loss_G: 5.8390 D(x): 0.8997 D(G(z)): 0.0565 / 0.0039
[1/25][35/89] Loss_D: 0.4137 Loss_G: 7.0078 D(x): 0.8320 D(G(z)): 0.1619 / 0.0011
[1/25][36/89] Loss_D: 0.2515 Loss_G: 6.7641 D(x): 0.8572 D(G(z)): 0.0586 / 0.0013
[1/25][37/89] Loss_D: 0.1314 Loss_G: 7.7322 D(x): 0.9658 D(G(z)): 0.0905 / 0.0008
[1/25][38/89] Loss_D: 0.1309 Loss_G: 6.4303 D(x): 0.9145 D(G(z)): 0.0339 / 0.0023
[1/25][39/89] Loss_D: 0.1963 Loss_G: 7.6984 D(x): 0.9450 D(G(z)): 0.1237 / 0.0006
[1/25][40/89] Loss_D: 0.1972 Loss_G: 6.8162 D(x): 0.8918 D(G(z)): 0.0518 / 0.0014
[1/25][41/89] Loss_D: 0.1426 Loss_G: 7.0737 D(x): 0.9463 D(G(z)): 0.0781 / 0.0012
[1/25][42/89] Loss_D: 0.1684 Loss_G: 6.7902 D(x): 0.9232 D(G(z)): 0.0756 / 0.0014
[1/25][43/89] Loss_D: 0.3221 Loss_G: 6.9936 D(x): 0.8989 D(G(z)): 0.1058 / 0.0012
[1/25][44/89] Loss_D: 0.3997 Loss_G: 10.6460 D(x): 0.8638 D(G(z)): 0.2027 / 0.0000
[1/25][45/89] Loss_D: 0.3366 Loss_G: 7.4881 D(x): 0.7642 D(G(z)): 0.0064 / 0.0007
[1/25][46/89] Loss_D: 0.1489 Loss_G: 6.7031 D(x): 0.9551 D(G(z)): 0.0920 / 0.0016
[1/25][47/89] Loss_D: 0.1572 Loss_G: 7.1892 D(x): 0.9616 D(G(z)): 0.0657 / 0.0010
[1/25][48/89] Loss_D: 0.2155 Loss_G: 6.3858 D(x): 0.9463 D(G(z)): 0.0308 / 0.0021
[1/25][49/89] Loss_D: 0.1531 Loss_G: 6.5177 D(x): 0.9555 D(G(z)): 0.0661 / 0.0018
[1/25][50/89] Loss_D: 0.0875 Loss_G: 7.0516 D(x): 0.9746 D(G(z)): 0.0586 / 0.0010
[1/25][51/89] Loss_D: 0.1211 Loss_G: 6.4978 D(x): 0.9337 D(G(z)): 0.0475 / 0.0020
[1/25][52/89] Loss_D: 0.2124 Loss_G: 7.4271 D(x): 0.9168 D(G(z)): 0.1082 / 0.0009
[1/25][53/89] Loss_D: 0.3486 Loss_G: 6.9845 D(x): 0.8392 D(G(z)): 0.0797 / 0.0012
[1/25][54/89] Loss_D: 0.1996 Loss_G: 8.4538 D(x): 0.9337 D(G(z)): 0.1177 / 0.0004
[1/25][55/89] Loss_D: 0.1003 Loss_G: 7.0218 D(x): 0.9218 D(G(z)): 0.0151 / 0.0011
[1/25][56/89] Loss_D: 0.1999 Loss_G: 4.6178 D(x): 0.8650 D(G(z)): 0.0221 / 0.0133
[1/25][57/89] Loss_D: 0.3618 Loss_G: 8.6981 D(x): 0.9155 D(G(z)): 0.1971 / 0.0008
[1/25][58/89] Loss_D: 0.1664 Loss_G: 8.4520 D(x): 0.8722 D(G(z)): 0.0072 / 0.0014
[1/25][59/89] Loss_D: 0.0473 Loss_G: 6.3512 D(x): 0.9674 D(G(z)): 0.0134 / 0.0039
[1/25][60/89] Loss_D: 0.1116 Loss_G: 5.6198 D(x): 0.9615 D(G(z)): 0.0661 / 0.0042
[1/25][61/89] Loss_D: 0.1330 Loss_G: 7.5943 D(x): 0.9843 D(G(z)): 0.1072 / 0.0006
[1/25][62/89] Loss_D: 0.1358 Loss_G: 6.7061 D(x): 0.8987 D(G(z)): 0.0172 / 0.0016
[1/25][63/89] Loss_D: 0.0896 Loss_G: 6.4210 D(x): 0.9781 D(G(z)): 0.0642 / 0.0020
[1/25][64/89] Loss_D: 0.1213 Loss_G: 7.2217 D(x): 0.9562 D(G(z)): 0.0716 / 0.0009
[1/25][65/89] Loss_D: 0.2304 Loss_G: 5.9035 D(x): 0.8431 D(G(z)): 0.0407 / 0.0033
[1/25][66/89] Loss_D: 0.3926 Loss_G: 8.9401 D(x): 0.8373 D(G(z)): 0.1604 / 0.0005
[1/25][67/89] Loss_D: 0.0502 Loss_G: 8.9582 D(x): 0.9594 D(G(z)): 0.0074 / 0.0007
[1/25][68/89] Loss_D: 0.0484 Loss_G: 6.7261 D(x): 0.9719 D(G(z)): 0.0185 / 0.0028
[1/25][69/89] Loss_D: 0.1008 Loss_G: 6.7207 D(x): 0.9839 D(G(z)): 0.0789 / 0.0015
[1/25][70/89] Loss_D: 0.1228 Loss_G: 6.4778 D(x): 0.9341 D(G(z)): 0.0357 / 0.0019
[1/25][71/89] Loss_D: 0.1142 Loss_G: 6.6510 D(x): 0.9600 D(G(z)): 0.0629 / 0.0018
[1/25][72/89] Loss_D: 0.0802 Loss_G: 7.0970 D(x): 0.9733 D(G(z)): 0.0504 / 0.0012
[1/25][73/89] Loss_D: 0.1198 Loss_G: 7.3557 D(x): 0.9441 D(G(z)): 0.0576 / 0.0008
[1/25][74/89] Loss_D: 0.2474 Loss_G: 6.9780 D(x): 0.8629 D(G(z)): 0.0749 / 0.0013
[1/25][75/89] Loss_D: 0.1094 Loss_G: 8.1534 D(x): 0.9701 D(G(z)): 0.0730 / 0.0006
[1/25][76/89] Loss_D: 0.0569 Loss_G: 7.5075 D(x): 0.9684 D(G(z)): 0.0232 / 0.0013
[1/25][77/89] Loss_D: 0.0830 Loss_G: 6.8204 D(x): 0.9696 D(G(z)): 0.0451 / 0.0018
[1/25][78/89] Loss_D: 0.0882 Loss_G: 6.7828 D(x): 0.9628 D(G(z)): 0.0468 / 0.0015
[1/25][79/89] Loss_D: 0.1027 Loss_G: 6.3466 D(x): 0.9416 D(G(z)): 0.0340 / 0.0022
[1/25][80/89] Loss_D: 0.0981 Loss_G: 6.3641 D(x): 0.9560 D(G(z)): 0.0468 / 0.0023
[1/25][81/89] Loss_D: 0.1783 Loss_G: 7.0339 D(x): 0.9396 D(G(z)): 0.0677 / 0.0014
[1/25][82/89] Loss_D: 0.2140 Loss_G: 7.5697 D(x): 0.9340 D(G(z)): 0.0685 / 0.0013
[1/25][83/89] Loss_D: 0.1274 Loss_G: 7.6279 D(x): 0.9438 D(G(z)): 0.0607 / 0.0008
[1/25][84/89] Loss_D: 0.0956 Loss_G: 7.4839 D(x): 0.9669 D(G(z)): 0.0578 / 0.0008
[1/25][85/89] Loss_D: 0.1201 Loss_G: 6.9009 D(x): 0.9401 D(G(z)): 0.0500 / 0.0012
[1/25][86/89] Loss_D: 0.1933 Loss_G: 6.5084 D(x): 0.9057 D(G(z)): 0.0522 / 0.0018
[1/25][87/89] Loss_D: 0.2816 Loss_G: 7.1687 D(x): 0.9071 D(G(z)): 0.0943 / 0.0012
[1/25][88/89] Loss_D: 0.0174 Loss_G: 7.7412 D(x): 0.9911 D(G(z)): 0.0084 / 0.0007
[2/25][0/89] Loss_D: 0.3224 Loss_G: 6.0839 D(x): 0.8542 D(G(z)): 0.1038 / 0.0051
[2/25][1/89] Loss_D: 0.0861 Loss_G: 6.3440 D(x): 0.9588 D(G(z)): 0.0412 / 0.0031
[2/25][2/89] Loss_D: 0.1298 Loss_G: 6.5806 D(x): 0.9456 D(G(z)): 0.0633 / 0.0019
[2/25][3/89] Loss_D: 0.3355 Loss_G: 11.3390 D(x): 0.9415 D(G(z)): 0.2239 / 0.0000
[2/25][4/89] Loss_D: 0.1541 Loss_G: 10.5565 D(x): 0.8804 D(G(z)): 0.0014 / 0.0002
[2/25][5/89] Loss_D: 0.1481 Loss_G: 6.6373 D(x): 0.8872 D(G(z)): 0.0055 / 0.0040
[2/25][6/89] Loss_D: 0.2907 Loss_G: 9.8182 D(x): 0.9586 D(G(z)): 0.2018 / 0.0001
[2/25][7/89] Loss_D: 0.2048 Loss_G: 8.3458 D(x): 0.8649 D(G(z)): 0.0091 / 0.0007
[2/25][8/89] Loss_D: 0.1235 Loss_G: 6.2433 D(x): 0.9094 D(G(z)): 0.0095 / 0.0048
[2/25][9/89] Loss_D: 0.1111 Loss_G: 5.1945 D(x): 0.9553 D(G(z)): 0.0363 / 0.0129
[2/25][10/89] Loss_D: 0.1767 Loss_G: 8.1264 D(x): 0.9853 D(G(z)): 0.1411 / 0.0006
[2/25][11/89] Loss_D: 0.0685 Loss_G: 8.5699 D(x): 0.9516 D(G(z)): 0.0053 / 0.0004
[2/25][12/89] Loss_D: 0.0970 Loss_G: 6.1730 D(x): 0.9417 D(G(z)): 0.0082 / 0.0040
[2/25][13/89] Loss_D: 0.1323 Loss_G: 5.9343 D(x): 0.9571 D(G(z)): 0.0757 / 0.0051
[2/25][14/89] Loss_D: 0.1434 Loss_G: 7.1926 D(x): 0.9469 D(G(z)): 0.0772 / 0.0016
[2/25][15/89] Loss_D: 0.0766 Loss_G: 6.6685 D(x): 0.9512 D(G(z)): 0.0148 / 0.0027
[2/25][16/89] Loss_D: 0.0681 Loss_G: 5.7185 D(x): 0.9613 D(G(z)): 0.0146 / 0.0061
[2/25][17/89] Loss_D: 0.0975 Loss_G: 5.5592 D(x): 0.9630 D(G(z)): 0.0530 / 0.0052
[2/25][18/89] Loss_D: 0.1332 Loss_G: 5.4916 D(x): 0.9279 D(G(z)): 0.0386 / 0.0047
[2/25][19/89] Loss_D: 0.1034 Loss_G: 5.8114 D(x): 0.9572 D(G(z)): 0.0439 / 0.0041
[2/25][20/89] Loss_D: 0.0856 Loss_G: 5.8328 D(x): 0.9550 D(G(z)): 0.0261 / 0.0035
[2/25][21/89] Loss_D: 0.1192 Loss_G: 6.2742 D(x): 0.9484 D(G(z)): 0.0528 / 0.0036
[2/25][22/89] Loss_D: 0.1157 Loss_G: 5.9149 D(x): 0.9276 D(G(z)): 0.0295 / 0.0043
[2/25][23/89] Loss_D: 0.2183 Loss_G: 9.9079 D(x): 0.9505 D(G(z)): 0.1384 / 0.0001
[2/25][24/89] Loss_D: 0.0324 Loss_G: 9.5522 D(x): 0.9710 D(G(z)): 0.0023 / 0.0001
[2/25][25/89] Loss_D: 0.0940 Loss_G: 6.9061 D(x): 0.9200 D(G(z)): 0.0047 / 0.0018
[2/25][26/89] Loss_D: 0.1743 Loss_G: 6.5889 D(x): 0.9239 D(G(z)): 0.0616 / 0.0031
[2/25][27/89] Loss_D: 0.2825 Loss_G: 12.6527 D(x): 0.9677 D(G(z)): 0.2065 / 0.0000
[2/25][28/89] Loss_D: 0.5632 Loss_G: 11.1053 D(x): 0.6411 D(G(z)): 0.0001 / 0.0000
[2/25][29/89] Loss_D: 0.0219 Loss_G: 7.5401 D(x): 0.9792 D(G(z)): 0.0006 / 0.0013
[2/25][30/89] Loss_D: 0.0342 Loss_G: 5.3921 D(x): 0.9891 D(G(z)): 0.0227 / 0.0077
[2/25][31/89] Loss_D: 0.1670 Loss_G: 8.9142 D(x): 0.9856 D(G(z)): 0.1338 / 0.0005
[2/25][32/89] Loss_D: 0.0188 Loss_G: 8.4789 D(x): 0.9950 D(G(z)): 0.0135 / 0.0009
[2/25][33/89] Loss_D: 0.0583 Loss_G: 7.6630 D(x): 0.9743 D(G(z)): 0.0131 / 0.0010
[2/25][34/89] Loss_D: 0.0381 Loss_G: 6.3459 D(x): 0.9885 D(G(z)): 0.0251 / 0.0024
[2/25][35/89] Loss_D: 0.0474 Loss_G: 6.0290 D(x): 0.9841 D(G(z)): 0.0305 / 0.0038
[2/25][36/89] Loss_D: 0.1319 Loss_G: 7.5595 D(x): 0.9506 D(G(z)): 0.0744 / 0.0007
[2/25][37/89] Loss_D: 0.0291 Loss_G: 7.6740 D(x): 0.9777 D(G(z)): 0.0061 / 0.0011
[2/25][38/89] Loss_D: 0.0710 Loss_G: 6.5085 D(x): 0.9437 D(G(z)): 0.0103 / 0.0034
[2/25][39/89] Loss_D: 0.1013 Loss_G: 6.0515 D(x): 0.9553 D(G(z)): 0.0474 / 0.0032
[2/25][40/89] Loss_D: 0.3165 Loss_G: 14.3760 D(x): 0.9751 D(G(z)): 0.2309 / 0.0000
[2/25][41/89] Loss_D: 1.3388 Loss_G: 9.8004 D(x): 0.4356 D(G(z)): 0.0000 / 0.0001
[2/25][42/89] Loss_D: 0.0160 Loss_G: 6.3388 D(x): 0.9849 D(G(z)): 0.0005 / 0.0023
[2/25][43/89] Loss_D: 0.0375 Loss_G: 4.1728 D(x): 0.9960 D(G(z)): 0.0324 / 0.0210
[2/25][44/89] Loss_D: 0.7716 Loss_G: 15.2245 D(x): 0.9945 D(G(z)): 0.4636 / 0.0000
[2/25][45/89] Loss_D: 0.1688 Loss_G: 15.8111 D(x): 0.8853 D(G(z)): 0.0000 / 0.0000
[2/25][46/89] Loss_D: 0.5029 Loss_G: 10.1734 D(x): 0.7961 D(G(z)): 0.0000 / 0.0003
[2/25][47/89] Loss_D: 0.2037 Loss_G: 5.6797 D(x): 0.8963 D(G(z)): 0.0113 / 0.0423
[2/25][48/89] Loss_D: 1.0880 Loss_G: 11.0655 D(x): 0.8706 D(G(z)): 0.3875 / 0.0026
[2/25][49/89] Loss_D: 0.7089 Loss_G: 15.0783 D(x): 0.7787 D(G(z)): 0.1397 / 0.0000
[2/25][50/89] Loss_D: 0.4684 Loss_G: 12.2348 D(x): 0.7329 D(G(z)): 0.0001 / 0.0000
[2/25][51/89] Loss_D: 0.0915 Loss_G: 8.0406 D(x): 0.9584 D(G(z)): 0.0417 / 0.0024
[2/25][52/89] Loss_D: 1.1861 Loss_G: 17.5489 D(x): 0.9759 D(G(z)): 0.5587 / 0.0001
[2/25][53/89] Loss_D: 1.1918 Loss_G: 16.1564 D(x): 0.5170 D(G(z)): 0.0002 / 0.0000
[2/25][54/89] Loss_D: 0.2865 Loss_G: 12.5161 D(x): 0.8117 D(G(z)): 0.0001 / 0.0000
[2/25][55/89] Loss_D: 0.0744 Loss_G: 6.6961 D(x): 0.9332 D(G(z)): 0.0013 / 0.0029
[2/25][56/89] Loss_D: 0.1459 Loss_G: 5.4976 D(x): 0.9832 D(G(z)): 0.1115 / 0.0119
[2/25][57/89] Loss_D: 0.1483 Loss_G: 7.0135 D(x): 0.9864 D(G(z)): 0.1171 / 0.0017
[2/25][58/89] Loss_D: 0.1057 Loss_G: 7.1387 D(x): 0.9413 D(G(z)): 0.0096 / 0.0011
[2/25][59/89] Loss_D: 0.0266 Loss_G: 6.3832 D(x): 0.9830 D(G(z)): 0.0073 / 0.0027
[2/25][60/89] Loss_D: 0.2046 Loss_G: 4.8197 D(x): 0.9030 D(G(z)): 0.0119 / 0.0113
[2/25][61/89] Loss_D: 0.0712 Loss_G: 5.3646 D(x): 0.9950 D(G(z)): 0.0610 / 0.0064
[2/25][62/89] Loss_D: 0.0743 Loss_G: 5.6420 D(x): 0.9603 D(G(z)): 0.0144 / 0.0051
[2/25][63/89] Loss_D: 0.1425 Loss_G: 4.8275 D(x): 0.9627 D(G(z)): 0.0482 / 0.0111
[2/25][64/89] Loss_D: 0.0711 Loss_G: 5.7524 D(x): 0.9840 D(G(z)): 0.0525 / 0.0040
[2/25][65/89] Loss_D: 0.0979 Loss_G: 7.1365 D(x): 0.9824 D(G(z)): 0.0759 / 0.0010
[2/25][66/89] Loss_D: 0.0275 Loss_G: 7.3173 D(x): 0.9807 D(G(z)): 0.0077 / 0.0008
[2/25][67/89] Loss_D: 0.1847 Loss_G: 5.4002 D(x): 0.9315 D(G(z)): 0.0167 / 0.0058
[2/25][68/89] Loss_D: 0.5780 Loss_G: 16.7596 D(x): 0.9798 D(G(z)): 0.3949 / 0.0000
[2/25][69/89] Loss_D: 1.2410 Loss_G: 14.5854 D(x): 0.4927 D(G(z)): 0.0000 / 0.0000
[2/25][70/89] Loss_D: 0.3148 Loss_G: 10.4153 D(x): 0.8162 D(G(z)): 0.0002 / 0.0019
[2/25][71/89] Loss_D: 0.1689 Loss_G: 5.6071 D(x): 0.9384 D(G(z)): 0.0395 / 0.0203
[2/25][72/89] Loss_D: 0.6692 Loss_G: 8.5903 D(x): 0.9571 D(G(z)): 0.3575 / 0.0005
[2/25][73/89] Loss_D: 0.0503 Loss_G: 8.4242 D(x): 0.9751 D(G(z)): 0.0238 / 0.0011
[2/25][74/89] Loss_D: 0.1707 Loss_G: 6.5282 D(x): 0.8995 D(G(z)): 0.0397 / 0.0075
[2/25][75/89] Loss_D: 0.2835 Loss_G: 5.5779 D(x): 0.8589 D(G(z)): 0.0505 / 0.0116
[2/25][76/89] Loss_D: 0.1567 Loss_G: 4.1524 D(x): 0.9210 D(G(z)): 0.0586 / 0.0230
[2/25][77/89] Loss_D: 0.2934 Loss_G: 3.9320 D(x): 0.8566 D(G(z)): 0.0879 / 0.0291
[2/25][78/89] Loss_D: 0.3664 Loss_G: 7.8217 D(x): 0.9337 D(G(z)): 0.2090 / 0.0028
[2/25][79/89] Loss_D: 0.1077 Loss_G: 8.4131 D(x): 0.9121 D(G(z)): 0.0076 / 0.0010
[2/25][80/89] Loss_D: 0.2998 Loss_G: 4.8097 D(x): 0.7911 D(G(z)): 0.0044 / 0.0135
[2/25][81/89] Loss_D: 0.1629 Loss_G: 5.2914 D(x): 0.9729 D(G(z)): 0.1131 / 0.0066
[2/25][82/89] Loss_D: 0.0566 Loss_G: 6.4807 D(x): 0.9879 D(G(z)): 0.0426 / 0.0026
[2/25][83/89] Loss_D: 0.0547 Loss_G: 6.0955 D(x): 0.9627 D(G(z)): 0.0156 / 0.0041
[2/25][84/89] Loss_D: 0.1246 Loss_G: 4.2019 D(x): 0.9183 D(G(z)): 0.0193 / 0.0234
[2/25][85/89] Loss_D: 0.8622 Loss_G: 14.8866 D(x): 0.9794 D(G(z)): 0.5108 / 0.0000
[2/25][86/89] Loss_D: 6.8780 Loss_G: 6.9990 D(x): 0.0053 D(G(z)): 0.0000 / 0.0204
[2/25][87/89] Loss_D: 0.3375 Loss_G: 1.4831 D(x): 0.8456 D(G(z)): 0.0506 / 0.3141
[2/25][88/89] Loss_D: 1.1222 Loss_G: 7.6608 D(x): 0.9924 D(G(z)): 0.6145 / 0.0009
[3/25][0/89] Loss_D: 0.3571 Loss_G: 7.5595 D(x): 0.8707 D(G(z)): 0.1071 / 0.0017
[3/25][1/89] Loss_D: 0.4490 Loss_G: 5.4272 D(x): 0.7597 D(G(z)): 0.0152 / 0.0104
[3/25][2/89] Loss_D: 0.1007 Loss_G: 3.6490 D(x): 0.9488 D(G(z)): 0.0419 / 0.0368
[3/25][3/89] Loss_D: 0.2093 Loss_G: 3.4606 D(x): 0.9226 D(G(z)): 0.0893 / 0.0452
[3/25][4/89] Loss_D: 0.2815 Loss_G: 4.3566 D(x): 0.9501 D(G(z)): 0.1868 / 0.0188
[3/25][5/89] Loss_D: 0.1375 Loss_G: 4.7524 D(x): 0.9288 D(G(z)): 0.0531 / 0.0124
[3/25][6/89] Loss_D: 0.1266 Loss_G: 4.4323 D(x): 0.9412 D(G(z)): 0.0597 / 0.0164
[3/25][7/89] Loss_D: 0.3146 Loss_G: 4.8839 D(x): 0.9056 D(G(z)): 0.1788 / 0.0104
[3/25][8/89] Loss_D: 0.4293 Loss_G: 4.1896 D(x): 0.7881 D(G(z)): 0.1177 / 0.0202
[3/25][9/89] Loss_D: 0.6950 Loss_G: 6.1926 D(x): 0.8212 D(G(z)): 0.3488 / 0.0057
[3/25][10/89] Loss_D: 0.8853 Loss_G: 2.8106 D(x): 0.5455 D(G(z)): 0.0450 / 0.1715
[3/25][11/89] Loss_D: 1.2764 Loss_G: 7.7037 D(x): 0.9281 D(G(z)): 0.4607 / 0.0032
[3/25][12/89] Loss_D: 0.8062 Loss_G: 7.0026 D(x): 0.6286 D(G(z)): 0.0061 / 0.0269
[3/25][13/89] Loss_D: 0.2132 Loss_G: 5.9788 D(x): 0.9408 D(G(z)): 0.1023 / 0.0137
[3/25][14/89] Loss_D: 0.1074 Loss_G: 5.5652 D(x): 0.9772 D(G(z)): 0.0741 / 0.0097
[3/25][15/89] Loss_D: 0.1270 Loss_G: 5.4426 D(x): 0.9243 D(G(z)): 0.0338 / 0.0124
[3/25][16/89] Loss_D: 0.4970 Loss_G: 6.7354 D(x): 0.9454 D(G(z)): 0.1951 / 0.0048
[3/25][17/89] Loss_D: 0.5631 Loss_G: 4.8979 D(x): 0.7523 D(G(z)): 0.0175 / 0.0117
[3/25][18/89] Loss_D: 0.1556 Loss_G: 4.6502 D(x): 0.9740 D(G(z)): 0.1089 / 0.0180
[3/25][19/89] Loss_D: 0.1360 Loss_G: 5.0592 D(x): 0.9447 D(G(z)): 0.0725 / 0.0081
[3/25][20/89] Loss_D: 0.1605 Loss_G: 5.4056 D(x): 0.9421 D(G(z)): 0.0781 / 0.0060
[3/25][21/89] Loss_D: 0.1227 Loss_G: 5.0116 D(x): 0.9243 D(G(z)): 0.0395 / 0.0100
[3/25][22/89] Loss_D: 0.1687 Loss_G: 4.3949 D(x): 0.8995 D(G(z)): 0.0360 / 0.0185
[3/25][23/89] Loss_D: 0.1919 Loss_G: 7.0703 D(x): 0.9780 D(G(z)): 0.1474 / 0.0031
[3/25][24/89] Loss_D: 0.2395 Loss_G: 5.2528 D(x): 0.8184 D(G(z)): 0.0190 / 0.0149
[3/25][25/89] Loss_D: 0.1178 Loss_G: 5.2917 D(x): 0.9724 D(G(z)): 0.0789 / 0.0062
[3/25][26/89] Loss_D: 0.0749 Loss_G: 5.3786 D(x): 0.9614 D(G(z)): 0.0335 / 0.0054
[3/25][27/89] Loss_D: 0.1660 Loss_G: 4.2887 D(x): 0.8831 D(G(z)): 0.0108 / 0.0421
[3/25][28/89] Loss_D: 0.2774 Loss_G: 7.4369 D(x): 0.9795 D(G(z)): 0.2028 / 0.0030
[3/25][29/89] Loss_D: 0.3635 Loss_G: 6.6296 D(x): 0.7868 D(G(z)): 0.0040 / 0.0041
[3/25][30/89] Loss_D: 0.0274 Loss_G: 5.2355 D(x): 0.9847 D(G(z)): 0.0116 / 0.0390
[3/25][31/89] Loss_D: 0.1501 Loss_G: 5.7176 D(x): 0.9912 D(G(z)): 0.1024 / 0.0058
[3/25][32/89] Loss_D: 0.0699 Loss_G: 5.8895 D(x): 0.9576 D(G(z)): 0.0245 / 0.0052
[3/25][33/89] Loss_D: 0.0455 Loss_G: 5.8667 D(x): 0.9789 D(G(z)): 0.0225 / 0.0046
[3/25][34/89] Loss_D: 0.1039 Loss_G: 6.4301 D(x): 0.9645 D(G(z)): 0.0600 / 0.0027
[3/25][35/89] Loss_D: 0.1117 Loss_G: 6.1651 D(x): 0.9386 D(G(z)): 0.0289 / 0.0032
[3/25][36/89] Loss_D: 0.0521 Loss_G: 6.2207 D(x): 0.9849 D(G(z)): 0.0352 / 0.0028
[3/25][37/89] Loss_D: 0.1072 Loss_G: 8.0616 D(x): 0.9899 D(G(z)): 0.0873 / 0.0005
[3/25][38/89] Loss_D: 0.0445 Loss_G: 7.5976 D(x): 0.9671 D(G(z)): 0.0087 / 0.0006
[3/25][39/89] Loss_D: 0.0647 Loss_G: 5.9697 D(x): 0.9634 D(G(z)): 0.0255 / 0.0036
[3/25][40/89] Loss_D: 0.3888 Loss_G: 13.0202 D(x): 0.9825 D(G(z)): 0.2886 / 0.0001
[3/25][41/89] Loss_D: 0.6268 Loss_G: 10.7067 D(x): 0.6589 D(G(z)): 0.0007 / 0.0001
[3/25][42/89] Loss_D: 0.1537 Loss_G: 6.1550 D(x): 0.8908 D(G(z)): 0.0025 / 0.0045
[3/25][43/89] Loss_D: 0.1499 Loss_G: 5.3070 D(x): 0.9674 D(G(z)): 0.0872 / 0.0155
[3/25][44/89] Loss_D: 0.2368 Loss_G: 7.1162 D(x): 0.9566 D(G(z)): 0.1478 / 0.0012
[3/25][45/89] Loss_D: 0.0798 Loss_G: 6.9008 D(x): 0.9514 D(G(z)): 0.0179 / 0.0016
[3/25][46/89] Loss_D: 0.0837 Loss_G: 6.0591 D(x): 0.9622 D(G(z)): 0.0412 / 0.0035
[3/25][47/89] Loss_D: 0.1975 Loss_G: 6.9577 D(x): 0.9609 D(G(z)): 0.1368 / 0.0031
[3/25][48/89] Loss_D: 0.1543 Loss_G: 7.5979 D(x): 0.9552 D(G(z)): 0.0891 / 0.0014
[3/25][49/89] Loss_D: 0.1257 Loss_G: 6.1783 D(x): 0.9159 D(G(z)): 0.0313 / 0.0040
[3/25][50/89] Loss_D: 0.5860 Loss_G: 7.5748 D(x): 0.8217 D(G(z)): 0.2241 / 0.0035
[3/25][51/89] Loss_D: 0.1486 Loss_G: 6.8914 D(x): 0.9048 D(G(z)): 0.0266 / 0.0035
[3/25][52/89] Loss_D: 0.4463 Loss_G: 7.7211 D(x): 0.8682 D(G(z)): 0.1940 / 0.0006
[3/25][53/89] Loss_D: 0.2458 Loss_G: 5.8876 D(x): 0.8283 D(G(z)): 0.0279 / 0.0064
[3/25][54/89] Loss_D: 0.2706 Loss_G: 8.4244 D(x): 0.9626 D(G(z)): 0.1933 / 0.0007
[3/25][55/89] Loss_D: 0.1030 Loss_G: 7.8327 D(x): 0.9143 D(G(z)): 0.0078 / 0.0009
[3/25][56/89] Loss_D: 0.2018 Loss_G: 5.5679 D(x): 0.9004 D(G(z)): 0.0076 / 0.0063
[3/25][57/89] Loss_D: 0.1180 Loss_G: 5.4614 D(x): 0.9780 D(G(z)): 0.0884 / 0.0061
[3/25][58/89] Loss_D: 0.2350 Loss_G: 4.9188 D(x): 0.8631 D(G(z)): 0.0445 / 0.0139
[3/25][59/89] Loss_D: 0.1648 Loss_G: 6.4408 D(x): 0.9722 D(G(z)): 0.1056 / 0.0023
[3/25][60/89] Loss_D: 0.1109 Loss_G: 6.4158 D(x): 0.9509 D(G(z)): 0.0300 / 0.0023
[3/25][61/89] Loss_D: 0.1132 Loss_G: 5.8760 D(x): 0.9498 D(G(z)): 0.0564 / 0.0037
[3/25][62/89] Loss_D: 0.4337 Loss_G: 10.5707 D(x): 0.9467 D(G(z)): 0.2250 / 0.0001
[3/25][63/89] Loss_D: 0.2587 Loss_G: 9.0345 D(x): 0.8347 D(G(z)): 0.0021 / 0.0006
[3/25][64/89] Loss_D: 0.0808 Loss_G: 5.6791 D(x): 0.9619 D(G(z)): 0.0336 / 0.0057
[3/25][65/89] Loss_D: 0.4405 Loss_G: 12.8809 D(x): 0.9839 D(G(z)): 0.3230 / 0.0001
[3/25][66/89] Loss_D: 0.3685 Loss_G: 12.4615 D(x): 0.7637 D(G(z)): 0.0005 / 0.0000
[3/25][67/89] Loss_D: 0.1369 Loss_G: 9.1740 D(x): 0.9040 D(G(z)): 0.0005 / 0.0006
[3/25][68/89] Loss_D: 0.1037 Loss_G: 5.1032 D(x): 0.9487 D(G(z)): 0.0304 / 0.0122
[3/25][69/89] Loss_D: 0.7614 Loss_G: 14.4936 D(x): 0.9721 D(G(z)): 0.4700 / 0.0000
[3/25][70/89] Loss_D: 0.3269 Loss_G: 15.8568 D(x): 0.8114 D(G(z)): 0.0000 / 0.0000
[3/25][71/89] Loss_D: 0.2096 Loss_G: 12.7452 D(x): 0.8552 D(G(z)): 0.0000 / 0.0000
[3/25][72/89] Loss_D: 0.1277 Loss_G: 8.0613 D(x): 0.9205 D(G(z)): 0.0007 / 0.0010
[3/25][73/89] Loss_D: 0.1211 Loss_G: 6.0476 D(x): 0.9823 D(G(z)): 0.0677 / 0.0077
[3/25][74/89] Loss_D: 0.1764 Loss_G: 6.5592 D(x): 0.9424 D(G(z)): 0.0797 / 0.0029
[3/25][75/89] Loss_D: 0.0493 Loss_G: 6.7526 D(x): 0.9896 D(G(z)): 0.0369 / 0.0017
[3/25][76/89] Loss_D: 0.0785 Loss_G: 6.1426 D(x): 0.9715 D(G(z)): 0.0452 / 0.0028
[3/25][77/89] Loss_D: 0.0832 Loss_G: 6.3048 D(x): 0.9801 D(G(z)): 0.0599 / 0.0025
[3/25][78/89] Loss_D: 0.2059 Loss_G: 7.3083 D(x): 0.9286 D(G(z)): 0.0972 / 0.0011
[3/25][79/89] Loss_D: 0.3393 Loss_G: 6.1289 D(x): 0.8603 D(G(z)): 0.0646 / 0.0031
[3/25][80/89] Loss_D: 0.2744 Loss_G: 6.9832 D(x): 0.8955 D(G(z)): 0.1084 / 0.0013
[3/25][81/89] Loss_D: 0.1866 Loss_G: 8.0817 D(x): 0.9466 D(G(z)): 0.0970 / 0.0005
[3/25][82/89] Loss_D: 0.4777 Loss_G: 4.9998 D(x): 0.7772 D(G(z)): 0.0370 / 0.0125
[3/25][83/89] Loss_D: 1.3671 Loss_G: 19.1459 D(x): 0.9352 D(G(z)): 0.6507 / 0.0000
[3/25][84/89] Loss_D: 3.1542 Loss_G: 14.3018 D(x): 0.2363 D(G(z)): 0.0000 / 0.0000
[3/25][85/89] Loss_D: 0.5288 Loss_G: 5.8668 D(x): 0.7848 D(G(z)): 0.0008 / 0.0181
[3/25][86/89] Loss_D: 3.3065 Loss_G: 13.6318 D(x): 0.9855 D(G(z)): 0.9072 / 0.0000
[3/25][87/89] Loss_D: 0.4879 Loss_G: 12.3591 D(x): 0.6827 D(G(z)): 0.0013 / 0.0000
[3/25][88/89] Loss_D: 0.5998 Loss_G: 6.0051 D(x): 0.6448 D(G(z)): 0.0024 / 0.0336
[4/25][0/89] Loss_D: 1.0508 Loss_G: 5.9035 D(x): 0.9033 D(G(z)): 0.3741 / 0.0784
[4/25][1/89] Loss_D: 1.5013 Loss_G: 8.8824 D(x): 0.6999 D(G(z)): 0.3341 / 0.0028
[4/25][2/89] Loss_D: 0.5182 Loss_G: 8.3919 D(x): 0.8459 D(G(z)): 0.0772 / 0.0104
[4/25][3/89] Loss_D: 0.6744 Loss_G: 9.8179 D(x): 0.8065 D(G(z)): 0.2449 / 0.0002
[4/25][4/89] Loss_D: 0.2965 Loss_G: 7.3216 D(x): 0.8281 D(G(z)): 0.0255 / 0.0022
[4/25][5/89] Loss_D: 0.6522 Loss_G: 9.3820 D(x): 0.8269 D(G(z)): 0.2758 / 0.0006
[4/25][6/89] Loss_D: 0.5347 Loss_G: 6.9923 D(x): 0.7227 D(G(z)): 0.0480 / 0.0083
[4/25][7/89] Loss_D: 1.0468 Loss_G: 12.8831 D(x): 0.8349 D(G(z)): 0.3580 / 0.0000
[4/25][8/89] Loss_D: 0.9422 Loss_G: 11.0117 D(x): 0.6046 D(G(z)): 0.0001 / 0.0000
[4/25][9/89] Loss_D: 0.0589 Loss_G: 7.5622 D(x): 0.9468 D(G(z)): 0.0006 / 0.0008
[4/25][10/89] Loss_D: 0.0630 Loss_G: 4.5793 D(x): 0.9888 D(G(z)): 0.0496 / 0.0147
[4/25][11/89] Loss_D: 0.8683 Loss_G: 15.7048 D(x): 0.9945 D(G(z)): 0.5466 / 0.0000
[4/25][12/89] Loss_D: 0.2772 Loss_G: 16.9087 D(x): 0.8267 D(G(z)): 0.0001 / 0.0000
[4/25][13/89] Loss_D: 0.6955 Loss_G: 10.2786 D(x): 0.6417 D(G(z)): 0.0002 / 0.0009
[4/25][14/89] Loss_D: 0.1225 Loss_G: 3.9559 D(x): 0.9206 D(G(z)): 0.0310 / 0.0337
[4/25][15/89] Loss_D: 1.8755 Loss_G: 13.5385 D(x): 0.9732 D(G(z)): 0.6392 / 0.0004
[4/25][16/89] Loss_D: 1.2174 Loss_G: 13.7239 D(x): 0.5715 D(G(z)): 0.0037 / 0.0002
[4/25][17/89] Loss_D: 0.3028 Loss_G: 11.6938 D(x): 0.8012 D(G(z)): 0.0011 / 0.0004
[4/25][18/89] Loss_D: 0.1207 Loss_G: 8.7314 D(x): 0.9072 D(G(z)): 0.0020 / 0.0024
[4/25][19/89] Loss_D: 0.2633 Loss_G: 5.0409 D(x): 0.9196 D(G(z)): 0.0131 / 0.0155
[4/25][20/89] Loss_D: 0.2943 Loss_G: 5.5942 D(x): 0.9760 D(G(z)): 0.2113 / 0.0083
[4/25][21/89] Loss_D: 0.1343 Loss_G: 6.3539 D(x): 0.9815 D(G(z)): 0.1051 / 0.0050
[4/25][22/89] Loss_D: 0.1208 Loss_G: 6.0525 D(x): 0.9637 D(G(z)): 0.0744 / 0.0039
[4/25][23/89] Loss_D: 0.1820 Loss_G: 6.4407 D(x): 0.9435 D(G(z)): 0.1054 / 0.0038
[4/25][24/89] Loss_D: 0.3280 Loss_G: 7.0822 D(x): 0.8904 D(G(z)): 0.1677 / 0.0021
[4/25][25/89] Loss_D: 0.2718 Loss_G: 7.5115 D(x): 0.8997 D(G(z)): 0.1206 / 0.0013
[4/25][26/89] Loss_D: 0.3628 Loss_G: 5.9989 D(x): 0.8394 D(G(z)): 0.0425 / 0.0032
[4/25][27/89] Loss_D: 0.4535 Loss_G: 8.1373 D(x): 0.8186 D(G(z)): 0.1789 / 0.0054
[4/25][28/89] Loss_D: 0.2778 Loss_G: 7.8092 D(x): 0.8346 D(G(z)): 0.0540 / 0.0054
[4/25][29/89] Loss_D: 0.1385 Loss_G: 6.7959 D(x): 0.9149 D(G(z)): 0.0270 / 0.0057
[4/25][30/89] Loss_D: 0.1101 Loss_G: 5.6212 D(x): 0.9384 D(G(z)): 0.0427 / 0.0091
[4/25][31/89] Loss_D: 0.1005 Loss_G: 5.5708 D(x): 0.9676 D(G(z)): 0.0627 / 0.0052
[4/25][32/89] Loss_D: 0.1234 Loss_G: 5.0061 D(x): 0.9154 D(G(z)): 0.0286 / 0.0089
[4/25][33/89] Loss_D: 0.1551 Loss_G: 5.0577 D(x): 0.9237 D(G(z)): 0.0658 / 0.0095
[4/25][34/89] Loss_D: 0.0561 Loss_G: 5.6426 D(x): 0.9720 D(G(z)): 0.0265 / 0.0060
[4/25][35/89] Loss_D: 0.0449 Loss_G: 5.5150 D(x): 0.9769 D(G(z)): 0.0206 / 0.0056
[4/25][36/89] Loss_D: 0.0722 Loss_G: 5.1801 D(x): 0.9689 D(G(z)): 0.0270 / 0.0083
[4/25][37/89] Loss_D: 0.1499 Loss_G: 5.1810 D(x): 0.9197 D(G(z)): 0.0536 / 0.0112
[4/25][38/89] Loss_D: 0.0941 Loss_G: 5.8308 D(x): 0.9693 D(G(z)): 0.0524 / 0.0054
[4/25][39/89] Loss_D: 0.0829 Loss_G: 6.1164 D(x): 0.9600 D(G(z)): 0.0394 / 0.0031
[4/25][40/89] Loss_D: 0.1035 Loss_G: 6.0201 D(x): 0.9554 D(G(z)): 0.0511 / 0.0041
[4/25][41/89] Loss_D: 0.1279 Loss_G: 7.2903 D(x): 0.9670 D(G(z)): 0.0868 / 0.0012
[4/25][42/89] Loss_D: 0.1164 Loss_G: 6.7484 D(x): 0.9282 D(G(z)): 0.0342 / 0.0024
[4/25][43/89] Loss_D: 0.4150 Loss_G: 11.9062 D(x): 0.9515 D(G(z)): 0.2705 / 0.0000
[4/25][44/89] Loss_D: 0.2443 Loss_G: 10.8774 D(x): 0.8039 D(G(z)): 0.0006 / 0.0002
[4/25][45/89] Loss_D: 0.1962 Loss_G: 6.9553 D(x): 0.8442 D(G(z)): 0.0026 / 0.0072
[4/25][46/89] Loss_D: 0.2253 Loss_G: 5.3667 D(x): 0.9215 D(G(z)): 0.1163 / 0.0107
[4/25][47/89] Loss_D: 0.2147 Loss_G: 7.9756 D(x): 0.9773 D(G(z)): 0.1661 / 0.0009
[4/25][48/89] Loss_D: 0.0899 Loss_G: 8.1171 D(x): 0.9292 D(G(z)): 0.0063 / 0.0007
[4/25][49/89] Loss_D: 0.1168 Loss_G: 6.2904 D(x): 0.9053 D(G(z)): 0.0040 / 0.0026
[4/25][50/89] Loss_D: 0.0701 Loss_G: 4.4776 D(x): 0.9591 D(G(z)): 0.0238 / 0.0148
[4/25][51/89] Loss_D: 0.2462 Loss_G: 6.9802 D(x): 0.9606 D(G(z)): 0.1798 / 0.0035
[4/25][52/89] Loss_D: 0.1355 Loss_G: 6.8051 D(x): 0.8952 D(G(z)): 0.0124 / 0.0036
[4/25][53/89] Loss_D: 0.0556 Loss_G: 5.6975 D(x): 0.9629 D(G(z)): 0.0165 / 0.0069
[4/25][54/89] Loss_D: 0.2203 Loss_G: 5.7420 D(x): 0.9483 D(G(z)): 0.1404 / 0.0051
[4/25][55/89] Loss_D: 0.2887 Loss_G: 4.7124 D(x): 0.8124 D(G(z)): 0.0406 / 0.0169
[4/25][56/89] Loss_D: 0.2696 Loss_G: 4.4270 D(x): 0.8745 D(G(z)): 0.0974 / 0.0215
[4/25][57/89] Loss_D: 0.3357 Loss_G: 8.6300 D(x): 0.9854 D(G(z)): 0.2521 / 0.0003
[4/25][58/89] Loss_D: 0.4014 Loss_G: 7.1602 D(x): 0.7807 D(G(z)): 0.0044 / 0.0015
[4/25][59/89] Loss_D: 0.2177 Loss_G: 4.5039 D(x): 0.8881 D(G(z)): 0.0406 / 0.0307
[4/25][60/89] Loss_D: 0.7673 Loss_G: 8.9122 D(x): 0.9204 D(G(z)): 0.4072 / 0.0003
[4/25][61/89] Loss_D: 0.5325 Loss_G: 7.4111 D(x): 0.7364 D(G(z)): 0.0116 / 0.0024
[4/25][62/89] Loss_D: 0.4596 Loss_G: 6.3468 D(x): 0.8651 D(G(z)): 0.1477 / 0.0153
[4/25][63/89] Loss_D: 0.4914 Loss_G: 8.1691 D(x): 0.9231 D(G(z)): 0.2355 / 0.0014
[4/25][64/89] Loss_D: 0.3832 Loss_G: 6.0343 D(x): 0.7905 D(G(z)): 0.0609 / 0.0088
[4/25][65/89] Loss_D: 0.3002 Loss_G: 7.4205 D(x): 0.9104 D(G(z)): 0.1612 / 0.0013
[4/25][66/89] Loss_D: 0.2440 Loss_G: 6.4761 D(x): 0.8892 D(G(z)): 0.0466 / 0.0057
[4/25][67/89] Loss_D: 0.3677 Loss_G: 8.8011 D(x): 0.9499 D(G(z)): 0.2173 / 0.0002
[4/25][68/89] Loss_D: 0.2081 Loss_G: 7.1576 D(x): 0.8476 D(G(z)): 0.0126 / 0.0010
[4/25][69/89] Loss_D: 0.6747 Loss_G: 14.1127 D(x): 0.8940 D(G(z)): 0.3709 / 0.0000
[4/25][70/89] Loss_D: 0.9147 Loss_G: 7.1575 D(x): 0.4841 D(G(z)): 0.0024 / 0.0191
[4/25][71/89] Loss_D: 2.4174 Loss_G: 10.6608 D(x): 0.9151 D(G(z)): 0.7859 / 0.0001
[4/25][72/89] Loss_D: 1.4434 Loss_G: 8.5493 D(x): 0.4970 D(G(z)): 0.0014 / 0.0205
[4/25][73/89] Loss_D: 0.7430 Loss_G: 3.7361 D(x): 0.7038 D(G(z)): 0.1455 / 0.0585
[4/25][74/89] Loss_D: 0.5233 Loss_G: 8.0348 D(x): 0.9552 D(G(z)): 0.3185 / 0.0010
[4/25][75/89] Loss_D: 0.2431 Loss_G: 7.1076 D(x): 0.8396 D(G(z)): 0.0156 / 0.0026
[4/25][76/89] Loss_D: 0.2508 Loss_G: 4.8464 D(x): 0.8646 D(G(z)): 0.0381 / 0.0187
[4/25][77/89] Loss_D: 0.1260 Loss_G: 4.7538 D(x): 0.9533 D(G(z)): 0.0706 / 0.0132
[4/25][78/89] Loss_D: 0.1826 Loss_G: 5.8125 D(x): 0.9565 D(G(z)): 0.1171 / 0.0045
[4/25][79/89] Loss_D: 0.0881 Loss_G: 5.9454 D(x): 0.9575 D(G(z)): 0.0403 / 0.0037
[4/25][80/89] Loss_D: 0.1700 Loss_G: 5.0001 D(x): 0.9046 D(G(z)): 0.0415 / 0.0115
[4/25][81/89] Loss_D: 0.2101 Loss_G: 4.7530 D(x): 0.8964 D(G(z)): 0.0702 / 0.0167
[4/25][82/89] Loss_D: 0.1847 Loss_G: 5.5282 D(x): 0.9417 D(G(z)): 0.1107 / 0.0055
[4/25][83/89] Loss_D: 0.1619 Loss_G: 5.2551 D(x): 0.8947 D(G(z)): 0.0267 / 0.0087
[4/25][84/89] Loss_D: 0.3115 Loss_G: 3.7440 D(x): 0.8269 D(G(z)): 0.0861 / 0.0507
[4/25][85/89] Loss_D: 0.3650 Loss_G: 5.5970 D(x): 0.8574 D(G(z)): 0.1619 / 0.0059
[4/25][86/89] Loss_D: 0.1298 Loss_G: 6.0815 D(x): 0.9303 D(G(z)): 0.0489 / 0.0039
[4/25][87/89] Loss_D: 0.0360 Loss_G: 6.3567 D(x): 0.9772 D(G(z)): 0.0124 / 0.0030
[4/25][88/89] Loss_D: 0.0915 Loss_G: 5.4248 D(x): 0.9669 D(G(z)): 0.0526 / 0.0078
[5/25][0/89] Loss_D: 0.2361 Loss_G: 6.6543 D(x): 0.9361 D(G(z)): 0.1362 / 0.0053
[5/25][1/89] Loss_D: 0.1342 Loss_G: 5.9146 D(x): 0.9134 D(G(z)): 0.0292 / 0.0094
[5/25][2/89] Loss_D: 0.0756 Loss_G: 5.2190 D(x): 0.9519 D(G(z)): 0.0234 / 0.0105
[5/25][3/89] Loss_D: 0.2524 Loss_G: 6.0601 D(x): 0.9600 D(G(z)): 0.1676 / 0.0044
[5/25][4/89] Loss_D: 0.0956 Loss_G: 6.6912 D(x): 0.9242 D(G(z)): 0.0089 / 0.0024
[5/25][5/89] Loss_D: 0.3788 Loss_G: 2.4451 D(x): 0.7272 D(G(z)): 0.0204 / 0.1477
[5/25][6/89] Loss_D: 0.5632 Loss_G: 9.0488 D(x): 0.9791 D(G(z)): 0.3782 / 0.0019
[5/25][7/89] Loss_D: 0.3530 Loss_G: 9.1011 D(x): 0.7682 D(G(z)): 0.0042 / 0.0012
[5/25][8/89] Loss_D: 0.0369 Loss_G: 7.2985 D(x): 0.9742 D(G(z)): 0.0097 / 0.0051
[5/25][9/89] Loss_D: 0.0934 Loss_G: 5.7191 D(x): 0.9696 D(G(z)): 0.0552 / 0.0107
[5/25][10/89] Loss_D: 0.0760 Loss_G: 5.3562 D(x): 0.9780 D(G(z)): 0.0500 / 0.0095
[5/25][11/89] Loss_D: 0.1523 Loss_G: 5.6496 D(x): 0.9672 D(G(z)): 0.1046 / 0.0063
[5/25][12/89] Loss_D: 0.0904 Loss_G: 5.6479 D(x): 0.9568 D(G(z)): 0.0414 / 0.0095
[5/25][13/89] Loss_D: 0.1216 Loss_G: 4.9648 D(x): 0.9154 D(G(z)): 0.0235 / 0.0161
[5/25][14/89] Loss_D: 0.1782 Loss_G: 4.3032 D(x): 0.9128 D(G(z)): 0.0713 / 0.0198
[5/25][15/89] Loss_D: 0.5041 Loss_G: 8.0440 D(x): 0.8874 D(G(z)): 0.2535 / 0.0012
[5/25][16/89] Loss_D: 0.0883 Loss_G: 7.9391 D(x): 0.9376 D(G(z)): 0.0179 / 0.0012
[5/25][17/89] Loss_D: 0.2716 Loss_G: 6.1467 D(x): 0.8070 D(G(z)): 0.0014 / 0.0029
[5/25][18/89] Loss_D: 0.0816 Loss_G: 4.8039 D(x): 0.9913 D(G(z)): 0.0685 / 0.0097
[5/25][19/89] Loss_D: 0.5504 Loss_G: 13.7220 D(x): 0.9781 D(G(z)): 0.3622 / 0.0001
[5/25][20/89] Loss_D: 0.4057 Loss_G: 13.7190 D(x): 0.7874 D(G(z)): 0.0001 / 0.0000
[5/25][21/89] Loss_D: 0.3526 Loss_G: 8.7015 D(x): 0.7810 D(G(z)): 0.0003 / 0.0035
[5/25][22/89] Loss_D: 0.0469 Loss_G: 5.3986 D(x): 0.9740 D(G(z)): 0.0175 / 0.0320
[5/25][23/89] Loss_D: 0.0857 Loss_G: 4.9228 D(x): 0.9872 D(G(z)): 0.0667 / 0.0168
[5/25][24/89] Loss_D: 0.1915 Loss_G: 6.2394 D(x): 0.9958 D(G(z)): 0.1494 / 0.0033
[5/25][25/89] Loss_D: 0.2081 Loss_G: 7.9659 D(x): 0.9732 D(G(z)): 0.1255 / 0.0020
[5/25][26/89] Loss_D: 0.1531 Loss_G: 7.6098 D(x): 0.8754 D(G(z)): 0.0057 / 0.0053
[5/25][27/89] Loss_D: 0.2331 Loss_G: 4.0038 D(x): 0.8589 D(G(z)): 0.0237 / 0.0261
[5/25][28/89] Loss_D: 0.1204 Loss_G: 5.4304 D(x): 0.9917 D(G(z)): 0.1032 / 0.0056
[5/25][29/89] Loss_D: 0.1323 Loss_G: 8.4945 D(x): 0.9954 D(G(z)): 0.1148 / 0.0005
[5/25][30/89] Loss_D: 0.1124 Loss_G: 8.2151 D(x): 0.9243 D(G(z)): 0.0041 / 0.0006
[5/25][31/89] Loss_D: 0.1415 Loss_G: 5.3933 D(x): 0.9275 D(G(z)): 0.0075 / 0.0069
[5/25][32/89] Loss_D: 0.1379 Loss_G: 4.4707 D(x): 0.9233 D(G(z)): 0.0502 / 0.0168
[5/25][33/89] Loss_D: 0.6100 Loss_G: 16.5641 D(x): 0.9699 D(G(z)): 0.4040 / 0.0000
[5/25][34/89] Loss_D: 2.4781 Loss_G: 9.3608 D(x): 0.3059 D(G(z)): 0.0000 / 0.0146
[5/25][35/89] Loss_D: 0.1722 Loss_G: 5.7078 D(x): 0.9940 D(G(z)): 0.1067 / 0.0447
[5/25][36/89] Loss_D: 0.6411 Loss_G: 5.5928 D(x): 0.9735 D(G(z)): 0.2714 / 0.0147
[5/25][37/89] Loss_D: 0.6481 Loss_G: 7.8210 D(x): 0.9416 D(G(z)): 0.2980 / 0.0025
[5/25][38/89] Loss_D: 0.2097 Loss_G: 7.4371 D(x): 0.9194 D(G(z)): 0.0722 / 0.0136
[5/25][39/89] Loss_D: 0.7815 Loss_G: 4.9233 D(x): 0.7192 D(G(z)): 0.1463 / 0.0405
[5/25][40/89] Loss_D: 1.4043 Loss_G: 5.0069 D(x): 0.7207 D(G(z)): 0.4600 / 0.0139
[5/25][41/89] Loss_D: 0.9212 Loss_G: 3.7251 D(x): 0.5892 D(G(z)): 0.1044 / 0.1350
[5/25][42/89] Loss_D: 0.8461 Loss_G: 6.2897 D(x): 0.9105 D(G(z)): 0.3722 / 0.0034
[5/25][43/89] Loss_D: 0.4946 Loss_G: 4.7101 D(x): 0.6750 D(G(z)): 0.0094 / 0.0196
[5/25][44/89] Loss_D: 0.3480 Loss_G: 5.1410 D(x): 0.9593 D(G(z)): 0.2354 / 0.0129
[5/25][45/89] Loss_D: 0.3479 Loss_G: 3.9666 D(x): 0.7907 D(G(z)): 0.0683 / 0.0254
[5/25][46/89] Loss_D: 0.2894 Loss_G: 3.2395 D(x): 0.8503 D(G(z)): 0.0977 / 0.0608
[5/25][47/89] Loss_D: 0.4878 Loss_G: 7.2966 D(x): 0.9137 D(G(z)): 0.3143 / 0.0016
[5/25][48/89] Loss_D: 0.7700 Loss_G: 2.9773 D(x): 0.5450 D(G(z)): 0.0088 / 0.1902
[5/25][49/89] Loss_D: 0.7593 Loss_G: 5.3120 D(x): 0.8847 D(G(z)): 0.3577 / 0.0482
[5/25][50/89] Loss_D: 1.7075 Loss_G: 6.6972 D(x): 0.5803 D(G(z)): 0.3348 / 0.0347
[5/25][51/89] Loss_D: 1.3942 Loss_G: 2.2587 D(x): 0.5001 D(G(z)): 0.0627 / 0.2706
[5/25][52/89] Loss_D: 0.9877 Loss_G: 5.4117 D(x): 0.9760 D(G(z)): 0.5209 / 0.0090
[5/25][53/89] Loss_D: 0.3746 Loss_G: 5.3966 D(x): 0.7914 D(G(z)): 0.0810 / 0.0074
[5/25][54/89] Loss_D: 0.7780 Loss_G: 2.6099 D(x): 0.5838 D(G(z)): 0.0602 / 0.1532
[5/25][55/89] Loss_D: 0.4666 Loss_G: 3.0415 D(x): 0.9034 D(G(z)): 0.2431 / 0.0826
[5/25][56/89] Loss_D: 0.7452 Loss_G: 6.4732 D(x): 0.9371 D(G(z)): 0.4448 / 0.0033
[5/25][57/89] Loss_D: 0.8935 Loss_G: 3.9828 D(x): 0.5586 D(G(z)): 0.0084 / 0.0321
[5/25][58/89] Loss_D: 0.2529 Loss_G: 2.1814 D(x): 0.8661 D(G(z)): 0.0854 / 0.1570
[5/25][59/89] Loss_D: 0.8349 Loss_G: 5.3840 D(x): 0.8822 D(G(z)): 0.4166 / 0.0271
[5/25][60/89] Loss_D: 0.9577 Loss_G: 2.9981 D(x): 0.5563 D(G(z)): 0.0468 / 0.0781
[5/25][61/89] Loss_D: 0.8871 Loss_G: 4.2699 D(x): 0.8487 D(G(z)): 0.3922 / 0.0473
[5/25][62/89] Loss_D: 0.5506 Loss_G: 3.2903 D(x): 0.7014 D(G(z)): 0.0789 / 0.0655
[5/25][63/89] Loss_D: 0.6850 Loss_G: 4.9549 D(x): 0.8563 D(G(z)): 0.3652 / 0.0127
[5/25][64/89] Loss_D: 0.3666 Loss_G: 4.7704 D(x): 0.7646 D(G(z)): 0.0206 / 0.0231
[5/25][65/89] Loss_D: 0.4199 Loss_G: 2.0600 D(x): 0.7370 D(G(z)): 0.0286 / 0.1663
[5/25][66/89] Loss_D: 0.6571 Loss_G: 6.4604 D(x): 0.9781 D(G(z)): 0.4357 / 0.0025
[5/25][67/89] Loss_D: 0.3159 Loss_G: 4.8685 D(x): 0.7749 D(G(z)): 0.0217 / 0.0133
[5/25][68/89] Loss_D: 0.5009 Loss_G: 2.9231 D(x): 0.6761 D(G(z)): 0.0071 / 0.0811
[5/25][69/89] Loss_D: 0.9570 Loss_G: 7.2161 D(x): 0.9719 D(G(z)): 0.5557 / 0.0017
[5/25][70/89] Loss_D: 0.8482 Loss_G: 4.6008 D(x): 0.5568 D(G(z)): 0.0047 / 0.0171
[5/25][71/89] Loss_D: 0.1959 Loss_G: 2.1348 D(x): 0.8862 D(G(z)): 0.0523 / 0.1488
[5/25][72/89] Loss_D: 0.7063 Loss_G: 6.2652 D(x): 0.9466 D(G(z)): 0.4453 / 0.0030
[5/25][73/89] Loss_D: 0.5147 Loss_G: 4.6109 D(x): 0.6734 D(G(z)): 0.0087 / 0.0266
[5/25][74/89] Loss_D: 0.3502 Loss_G: 2.8755 D(x): 0.7837 D(G(z)): 0.0595 / 0.0914
[5/25][75/89] Loss_D: 0.5566 Loss_G: 3.9299 D(x): 0.8752 D(G(z)): 0.2849 / 0.1163
[5/25][76/89] Loss_D: 0.7156 Loss_G: 4.6765 D(x): 0.7977 D(G(z)): 0.2876 / 0.1135
[5/25][77/89] Loss_D: 0.7349 Loss_G: 7.0333 D(x): 0.7568 D(G(z)): 0.2487 / 0.0032
[5/25][78/89] Loss_D: 0.9797 Loss_G: 1.9822 D(x): 0.5333 D(G(z)): 0.0089 / 0.2406
[5/25][79/89] Loss_D: 1.3680 Loss_G: 6.8996 D(x): 0.9757 D(G(z)): 0.6526 / 0.0023
[5/25][80/89] Loss_D: 0.7723 Loss_G: 3.1168 D(x): 0.5665 D(G(z)): 0.0058 / 0.0508
[5/25][81/89] Loss_D: 0.7276 Loss_G: 1.5094 D(x): 0.7014 D(G(z)): 0.2457 / 0.3692
[5/25][82/89] Loss_D: 0.8209 Loss_G: 4.5037 D(x): 0.9118 D(G(z)): 0.4110 / 0.0200
[5/25][83/89] Loss_D: 0.6622 Loss_G: 5.0974 D(x): 0.7047 D(G(z)): 0.1418 / 0.0113
[5/25][84/89] Loss_D: 0.4366 Loss_G: 3.6265 D(x): 0.7165 D(G(z)): 0.0178 / 0.0427
[5/25][85/89] Loss_D: 0.4508 Loss_G: 3.2704 D(x): 0.9368 D(G(z)): 0.2830 / 0.0457
[5/25][86/89] Loss_D: 0.3036 Loss_G: 4.1018 D(x): 0.8895 D(G(z)): 0.1519 / 0.0206
[5/25][87/89] Loss_D: 0.4476 Loss_G: 2.7656 D(x): 0.7460 D(G(z)): 0.0893 / 0.0761
[5/25][88/89] Loss_D: 3.0645 Loss_G: 7.1015 D(x): 0.5549 D(G(z)): 0.7141 / 0.1160
[6/25][0/89] Loss_D: 1.3420 Loss_G: 5.5063 D(x): 0.5620 D(G(z)): 0.1648 / 0.0086
[6/25][1/89] Loss_D: 0.4857 Loss_G: 3.3008 D(x): 0.7248 D(G(z)): 0.0719 / 0.1014
[6/25][2/89] Loss_D: 1.0088 Loss_G: 4.7114 D(x): 0.9471 D(G(z)): 0.4897 / 0.0318
[6/25][3/89] Loss_D: 0.3592 Loss_G: 5.1744 D(x): 0.8237 D(G(z)): 0.0703 / 0.0119
[6/25][4/89] Loss_D: 0.2568 Loss_G: 4.1312 D(x): 0.8559 D(G(z)): 0.0450 / 0.0348
[6/25][5/89] Loss_D: 0.4120 Loss_G: 3.0990 D(x): 0.8322 D(G(z)): 0.1575 / 0.0630
[6/25][6/89] Loss_D: 0.2984 Loss_G: 4.1882 D(x): 0.9447 D(G(z)): 0.1880 / 0.0230
[6/25][7/89] Loss_D: 0.3638 Loss_G: 5.8766 D(x): 0.9578 D(G(z)): 0.2596 / 0.0043
[6/25][8/89] Loss_D: 0.5862 Loss_G: 4.8861 D(x): 0.6256 D(G(z)): 0.0078 / 0.0134
[6/25][9/89] Loss_D: 0.2266 Loss_G: 3.3051 D(x): 0.9567 D(G(z)): 0.1553 / 0.0496
[6/25][10/89] Loss_D: 1.4874 Loss_G: 8.8740 D(x): 0.9323 D(G(z)): 0.7162 / 0.0004
[6/25][11/89] Loss_D: 2.0648 Loss_G: 3.3679 D(x): 0.3055 D(G(z)): 0.0344 / 0.0730
[6/25][12/89] Loss_D: 0.7854 Loss_G: 2.0461 D(x): 0.7349 D(G(z)): 0.2917 / 0.2357
[6/25][13/89] Loss_D: 1.0788 Loss_G: 5.6720 D(x): 0.9469 D(G(z)): 0.5076 / 0.0128
[6/25][14/89] Loss_D: 0.9963 Loss_G: 4.5632 D(x): 0.5258 D(G(z)): 0.0277 / 0.0864
[6/25][15/89] Loss_D: 0.3878 Loss_G: 3.9945 D(x): 0.8993 D(G(z)): 0.2107 / 0.0491
[6/25][16/89] Loss_D: 0.2502 Loss_G: 4.1618 D(x): 0.9347 D(G(z)): 0.1491 / 0.0205
[6/25][17/89] Loss_D: 0.1835 Loss_G: 4.0827 D(x): 0.9215 D(G(z)): 0.0862 / 0.0203
[6/25][18/89] Loss_D: 0.7307 Loss_G: 6.1876 D(x): 0.8551 D(G(z)): 0.3874 / 0.0200
[6/25][19/89] Loss_D: 0.6002 Loss_G: 5.4201 D(x): 0.7000 D(G(z)): 0.1280 / 0.0309
[6/25][20/89] Loss_D: 1.7709 Loss_G: 5.4099 D(x): 0.4973 D(G(z)): 0.4422 / 0.0174
[6/25][21/89] Loss_D: 0.8601 Loss_G: 4.5883 D(x): 0.5998 D(G(z)): 0.0981 / 0.0305
[6/25][22/89] Loss_D: 0.6935 Loss_G: 5.4256 D(x): 0.8253 D(G(z)): 0.3043 / 0.0075
[6/25][23/89] Loss_D: 0.3922 Loss_G: 4.0264 D(x): 0.7635 D(G(z)): 0.0477 / 0.0266
[6/25][24/89] Loss_D: 0.4956 Loss_G: 5.8511 D(x): 0.9237 D(G(z)): 0.3074 / 0.0213
[6/25][25/89] Loss_D: 0.6127 Loss_G: 4.6603 D(x): 0.6999 D(G(z)): 0.0745 / 0.0169
[6/25][26/89] Loss_D: 0.2561 Loss_G: 3.0582 D(x): 0.8339 D(G(z)): 0.0347 / 0.0614
[6/25][27/89] Loss_D: 0.4075 Loss_G: 5.5384 D(x): 0.9558 D(G(z)): 0.2562 / 0.0226
[6/25][28/89] Loss_D: 0.2473 Loss_G: 5.7328 D(x): 0.8700 D(G(z)): 0.0834 / 0.0117
[6/25][29/89] Loss_D: 0.2058 Loss_G: 4.3672 D(x): 0.8691 D(G(z)): 0.0459 / 0.0241
[6/25][30/89] Loss_D: 0.2178 Loss_G: 2.9356 D(x): 0.8631 D(G(z)): 0.0517 / 0.0623
[6/25][31/89] Loss_D: 0.7097 Loss_G: 6.2248 D(x): 0.9155 D(G(z)): 0.4078 / 0.0133
[6/25][32/89] Loss_D: 0.6708 Loss_G: 4.0710 D(x): 0.6522 D(G(z)): 0.0484 / 0.0267
[6/25][33/89] Loss_D: 1.0908 Loss_G: 6.8200 D(x): 0.8237 D(G(z)): 0.5157 / 0.0036
[6/25][34/89] Loss_D: 1.5127 Loss_G: 2.4390 D(x): 0.4045 D(G(z)): 0.0664 / 0.1514
[6/25][35/89] Loss_D: 3.3112 Loss_G: 7.2321 D(x): 0.9328 D(G(z)): 0.9266 / 0.0081
[6/25][36/89] Loss_D: 2.1757 Loss_G: 3.0862 D(x): 0.2026 D(G(z)): 0.1200 / 0.0699
[6/25][37/89] Loss_D: 0.3878 Loss_G: 1.9371 D(x): 0.7855 D(G(z)): 0.0960 / 0.1702
[6/25][38/89] Loss_D: 0.7524 Loss_G: 5.1135 D(x): 0.9333 D(G(z)): 0.4574 / 0.0196
[6/25][39/89] Loss_D: 0.1445 Loss_G: 6.0019 D(x): 0.9061 D(G(z)): 0.0374 / 0.0113
[6/25][40/89] Loss_D: 0.2101 Loss_G: 4.9371 D(x): 0.8479 D(G(z)): 0.0280 / 0.0192
[6/25][41/89] Loss_D: 0.1145 Loss_G: 3.7183 D(x): 0.9487 D(G(z)): 0.0574 / 0.0324
[6/25][42/89] Loss_D: 0.2866 Loss_G: 3.5932 D(x): 0.9150 D(G(z)): 0.1612 / 0.0379
[6/25][43/89] Loss_D: 0.5950 Loss_G: 5.4515 D(x): 0.9511 D(G(z)): 0.3467 / 0.0103
[6/25][44/89] Loss_D: 1.0014 Loss_G: 3.9816 D(x): 0.4894 D(G(z)): 0.0107 / 0.0286
[6/25][45/89] Loss_D: 0.2886 Loss_G: 3.1000 D(x): 0.9536 D(G(z)): 0.1946 / 0.0569
[6/25][46/89] Loss_D: 0.3726 Loss_G: 4.2606 D(x): 0.8911 D(G(z)): 0.2145 / 0.0179
[6/25][47/89] Loss_D: 0.1724 Loss_G: 4.6727 D(x): 0.9227 D(G(z)): 0.0838 / 0.0113
[6/25][48/89] Loss_D: 0.3707 Loss_G: 5.1779 D(x): 0.8748 D(G(z)): 0.1953 / 0.0089
[6/25][49/89] Loss_D: 0.1443 Loss_G: 6.4373 D(x): 0.8757 D(G(z)): 0.0053 / 0.0026
[6/25][50/89] Loss_D: 0.1169 Loss_G: 4.8216 D(x): 0.9022 D(G(z)): 0.0112 / 0.0116
[6/25][51/89] Loss_D: 0.2123 Loss_G: 3.0404 D(x): 0.8435 D(G(z)): 0.0299 / 0.0650
[6/25][52/89] Loss_D: 0.1708 Loss_G: 5.0218 D(x): 0.9865 D(G(z)): 0.1356 / 0.0081
[6/25][53/89] Loss_D: 0.3044 Loss_G: 5.1510 D(x): 0.8690 D(G(z)): 0.1377 / 0.0073
[6/25][54/89] Loss_D: 0.7687 Loss_G: 11.5262 D(x): 0.9420 D(G(z)): 0.4881 / 0.0000
[6/25][55/89] Loss_D: 1.8217 Loss_G: 5.9022 D(x): 0.2319 D(G(z)): 0.0002 / 0.0036
[6/25][56/89] Loss_D: 0.1424 Loss_G: 2.2711 D(x): 0.8811 D(G(z)): 0.0118 / 0.1547
[6/25][57/89] Loss_D: 0.9659 Loss_G: 6.5911 D(x): 0.9881 D(G(z)): 0.5404 / 0.0039
[6/25][58/89] Loss_D: 0.2963 Loss_G: 5.5891 D(x): 0.8019 D(G(z)): 0.0554 / 0.0097
[6/25][59/89] Loss_D: 0.4298 Loss_G: 3.5141 D(x): 0.7239 D(G(z)): 0.0308 / 0.0566
[6/25][60/89] Loss_D: 0.9355 Loss_G: 5.4082 D(x): 0.9598 D(G(z)): 0.5404 / 0.0066
[6/25][61/89] Loss_D: 0.3959 Loss_G: 4.9281 D(x): 0.7138 D(G(z)): 0.0196 / 0.0124
[6/25][62/89] Loss_D: 0.3573 Loss_G: 3.0071 D(x): 0.7619 D(G(z)): 0.0447 / 0.0648
[6/25][63/89] Loss_D: 0.6888 Loss_G: 3.6785 D(x): 0.8666 D(G(z)): 0.3437 / 0.0926
[6/25][64/89] Loss_D: 0.6848 Loss_G: 4.5582 D(x): 0.8110 D(G(z)): 0.2722 / 0.0206
[6/25][65/89] Loss_D: 0.3800 Loss_G: 3.8822 D(x): 0.8127 D(G(z)): 0.1246 / 0.0319
[6/25][66/89] Loss_D: 0.1917 Loss_G: 4.1472 D(x): 0.9292 D(G(z)): 0.1035 / 0.0230
[6/25][67/89] Loss_D: 0.1473 Loss_G: 4.1747 D(x): 0.9213 D(G(z)): 0.0576 / 0.0230
[6/25][68/89] Loss_D: 0.2892 Loss_G: 4.3562 D(x): 0.9125 D(G(z)): 0.1563 / 0.0214
[6/25][69/89] Loss_D: 0.3976 Loss_G: 2.8883 D(x): 0.7642 D(G(z)): 0.0540 / 0.0763
[6/25][70/89] Loss_D: 1.1559 Loss_G: 7.4914 D(x): 0.9199 D(G(z)): 0.5223 / 0.0214
[6/25][71/89] Loss_D: 1.1787 Loss_G: 5.4268 D(x): 0.4794 D(G(z)): 0.0524 / 0.0690
[6/25][72/89] Loss_D: 0.1987 Loss_G: 4.7192 D(x): 0.9498 D(G(z)): 0.1202 / 0.0289
[6/25][73/89] Loss_D: 0.0872 Loss_G: 4.3776 D(x): 0.9481 D(G(z)): 0.0308 / 0.0248
[6/25][74/89] Loss_D: 0.2369 Loss_G: 3.4847 D(x): 0.8935 D(G(z)): 0.0890 / 0.0409
[6/25][75/89] Loss_D: 0.1423 Loss_G: 3.6121 D(x): 0.9235 D(G(z)): 0.0544 / 0.0549
[6/25][76/89] Loss_D: 0.6127 Loss_G: 4.7572 D(x): 0.9755 D(G(z)): 0.4093 / 0.0116
[6/25][77/89] Loss_D: 0.1006 Loss_G: 5.8093 D(x): 0.9365 D(G(z)): 0.0299 / 0.0049
[6/25][78/89] Loss_D: 0.5583 Loss_G: 4.5897 D(x): 0.6122 D(G(z)): 0.0040 / 0.0174
[6/25][79/89] Loss_D: 0.3218 Loss_G: 1.6817 D(x): 0.7757 D(G(z)): 0.0439 / 0.2290
[6/25][80/89] Loss_D: 1.0159 Loss_G: 4.5903 D(x): 0.9955 D(G(z)): 0.5900 / 0.0162
[6/25][81/89] Loss_D: 0.1369 Loss_G: 6.7070 D(x): 0.8858 D(G(z)): 0.0073 / 0.0019
[6/25][82/89] Loss_D: 0.3182 Loss_G: 5.5977 D(x): 0.7452 D(G(z)): 0.0024 / 0.0050
[6/25][83/89] Loss_D: 0.1587 Loss_G: 2.9221 D(x): 0.8886 D(G(z)): 0.0345 / 0.0656
[6/25][84/89] Loss_D: 0.0438 Loss_G: 3.4670 D(x): 0.9896 D(G(z)): 0.0325 / 0.0371
[6/25][85/89] Loss_D: 0.1118 Loss_G: 3.3002 D(x): 0.9896 D(G(z)): 0.0942 / 0.0426
[6/25][86/89] Loss_D: 0.1395 Loss_G: 3.7083 D(x): 0.9840 D(G(z)): 0.1133 / 0.0320
[6/25][87/89] Loss_D: 0.1733 Loss_G: 3.7780 D(x): 0.9423 D(G(z)): 0.1024 / 0.0283
[6/25][88/89] Loss_D: 0.1804 Loss_G: 6.3923 D(x): 0.8420 D(G(z)): 0.0020 / 0.0033
[7/25][0/89] Loss_D: 0.3656 Loss_G: 3.0126 D(x): 0.9250 D(G(z)): 0.2390 / 0.0554
[7/25][1/89] Loss_D: 0.1060 Loss_G: 4.7122 D(x): 0.9254 D(G(z)): 0.0178 / 0.0118
[7/25][2/89] Loss_D: 0.1129 Loss_G: 3.6325 D(x): 0.9373 D(G(z)): 0.0454 / 0.0350
[7/25][3/89] Loss_D: 0.0987 Loss_G: 3.6465 D(x): 0.9535 D(G(z)): 0.0486 / 0.0314
[7/25][4/89] Loss_D: 0.0934 Loss_G: 3.8169 D(x): 0.9808 D(G(z)): 0.0698 / 0.0265
[7/25][5/89] Loss_D: 0.1517 Loss_G: 4.0904 D(x): 0.9654 D(G(z)): 0.1071 / 0.0220
[7/25][6/89] Loss_D: 0.0794 Loss_G: 4.6719 D(x): 0.9439 D(G(z)): 0.0194 / 0.0118
[7/25][7/89] Loss_D: 0.2521 Loss_G: 2.4427 D(x): 0.8609 D(G(z)): 0.0727 / 0.1102
[7/25][8/89] Loss_D: 0.1849 Loss_G: 2.7541 D(x): 0.8785 D(G(z)): 0.0443 / 0.0812
[7/25][9/89] Loss_D: 0.8537 Loss_G: 6.5638 D(x): 0.9802 D(G(z)): 0.5031 / 0.0097
[7/25][10/89] Loss_D: 1.1068 Loss_G: 5.3085 D(x): 0.4902 D(G(z)): 0.0097 / 0.0149
[7/25][11/89] Loss_D: 0.4144 Loss_G: 1.6357 D(x): 0.7478 D(G(z)): 0.0884 / 0.2439
[7/25][12/89] Loss_D: 0.1168 Loss_G: 2.9898 D(x): 0.9683 D(G(z)): 0.0765 / 0.0759
[7/25][13/89] Loss_D: 1.1373 Loss_G: 5.8286 D(x): 0.8543 D(G(z)): 0.5279 / 0.0284
[7/25][14/89] Loss_D: 1.5484 Loss_G: 3.7421 D(x): 0.4152 D(G(z)): 0.1967 / 0.1108
[7/25][15/89] Loss_D: 0.6098 Loss_G: 3.2471 D(x): 0.7558 D(G(z)): 0.1401 / 0.0733
[7/25][16/89] Loss_D: 0.2949 Loss_G: 5.0180 D(x): 0.9773 D(G(z)): 0.1986 / 0.0102
[7/25][17/89] Loss_D: 0.2131 Loss_G: 5.2688 D(x): 0.9526 D(G(z)): 0.1474 / 0.0085
[7/25][18/89] Loss_D: 0.1973 Loss_G: 5.6487 D(x): 0.9217 D(G(z)): 0.0900 / 0.0048
[7/25][19/89] Loss_D: 0.1672 Loss_G: 6.4748 D(x): 0.8887 D(G(z)): 0.0045 / 0.0028
[7/25][20/89] Loss_D: 0.0901 Loss_G: 4.4187 D(x): 0.9548 D(G(z)): 0.0413 / 0.0190
[7/25][21/89] Loss_D: 0.3235 Loss_G: 4.4532 D(x): 0.8744 D(G(z)): 0.0909 / 0.0241
[7/25][22/89] Loss_D: 1.0832 Loss_G: 8.7211 D(x): 0.9659 D(G(z)): 0.5455 / 0.0005
[7/25][23/89] Loss_D: 0.7120 Loss_G: 8.3765 D(x): 0.5521 D(G(z)): 0.0006 / 0.0014
[7/25][24/89] Loss_D: 0.1355 Loss_G: 4.9291 D(x): 0.9010 D(G(z)): 0.0128 / 0.0250
[7/25][25/89] Loss_D: 0.7659 Loss_G: 4.8236 D(x): 0.8248 D(G(z)): 0.3600 / 0.0375
[7/25][26/89] Loss_D: 2.2844 Loss_G: 6.5130 D(x): 0.7098 D(G(z)): 0.6690 / 0.0027
[7/25][27/89] Loss_D: 1.8182 Loss_G: 3.0316 D(x): 0.2740 D(G(z)): 0.0267 / 0.0970
[7/25][28/89] Loss_D: 1.3334 Loss_G: 4.0740 D(x): 0.8291 D(G(z)): 0.5368 / 0.0336
[7/25][29/89] Loss_D: 0.6823 Loss_G: 6.1377 D(x): 0.8765 D(G(z)): 0.3382 / 0.0032
[7/25][30/89] Loss_D: 0.3655 Loss_G: 5.0543 D(x): 0.7591 D(G(z)): 0.0266 / 0.0101
[7/25][31/89] Loss_D: 0.7372 Loss_G: 3.3935 D(x): 0.7198 D(G(z)): 0.2559 / 0.0518
[7/25][32/89] Loss_D: 0.5802 Loss_G: 3.0628 D(x): 0.7298 D(G(z)): 0.1784 / 0.0587
[7/25][33/89] Loss_D: 0.6058 Loss_G: 4.8029 D(x): 0.8333 D(G(z)): 0.3093 / 0.0187
[7/25][34/89] Loss_D: 0.1670 Loss_G: 5.0930 D(x): 0.8891 D(G(z)): 0.0367 / 0.0087
[7/25][35/89] Loss_D: 0.4718 Loss_G: 2.1266 D(x): 0.6984 D(G(z)): 0.0606 / 0.1412
[7/25][36/89] Loss_D: 0.9198 Loss_G: 6.4126 D(x): 0.8896 D(G(z)): 0.5169 / 0.0113
[7/25][37/89] Loss_D: 1.0456 Loss_G: 3.4604 D(x): 0.4891 D(G(z)): 0.0489 / 0.0536
[7/25][38/89] Loss_D: 0.7630 Loss_G: 3.3644 D(x): 0.8830 D(G(z)): 0.4061 / 0.0449
[7/25][39/89] Loss_D: 0.4539 Loss_G: 4.5780 D(x): 0.9257 D(G(z)): 0.2990 / 0.0151
[7/25][40/89] Loss_D: 0.7329 Loss_G: 2.8225 D(x): 0.5355 D(G(z)): 0.0421 / 0.0754
[7/25][41/89] Loss_D: 0.2823 Loss_G: 2.2158 D(x): 0.8221 D(G(z)): 0.0708 / 0.1270
[7/25][42/89] Loss_D: 0.5765 Loss_G: 4.5285 D(x): 0.9798 D(G(z)): 0.3899 / 0.0190
[7/25][43/89] Loss_D: 0.3222 Loss_G: 4.2430 D(x): 0.8426 D(G(z)): 0.1255 / 0.0204
[7/25][44/89] Loss_D: 0.4059 Loss_G: 3.7965 D(x): 0.7101 D(G(z)): 0.0128 / 0.0309
[7/25][45/89] Loss_D: 1.2334 Loss_G: 5.9413 D(x): 0.9514 D(G(z)): 0.6081 / 0.0047
[7/25][46/89] Loss_D: 1.8889 Loss_G: 2.0389 D(x): 0.2260 D(G(z)): 0.0036 / 0.1687
[7/25][47/89] Loss_D: 0.4703 Loss_G: 3.5903 D(x): 0.9875 D(G(z)): 0.3325 / 0.0312
[7/25][48/89] Loss_D: 0.8468 Loss_G: 6.0933 D(x): 0.9791 D(G(z)): 0.5342 / 0.0032
[7/25][49/89] Loss_D: 0.5067 Loss_G: 6.7400 D(x): 0.6476 D(G(z)): 0.0032 / 0.0013
[7/25][50/89] Loss_D: 0.7387 Loss_G: 2.6844 D(x): 0.5541 D(G(z)): 0.0135 / 0.0981
[7/25][51/89] Loss_D: 0.5385 Loss_G: 4.4912 D(x): 0.9833 D(G(z)): 0.3743 / 0.0224
[7/25][52/89] Loss_D: 0.2822 Loss_G: 5.8846 D(x): 0.9647 D(G(z)): 0.1902 / 0.0046
[7/25][53/89] Loss_D: 0.2636 Loss_G: 5.0805 D(x): 0.8260 D(G(z)): 0.0453 / 0.0127
[7/25][54/89] Loss_D: 0.1812 Loss_G: 4.1977 D(x): 0.8999 D(G(z)): 0.0646 / 0.0240
[7/25][55/89] Loss_D: 1.1016 Loss_G: 6.2800 D(x): 0.6698 D(G(z)): 0.3963 / 0.0030
[7/25][56/89] Loss_D: 0.5718 Loss_G: 4.5198 D(x): 0.6633 D(G(z)): 0.0718 / 0.0149
[7/25][57/89] Loss_D: 0.5795 Loss_G: 4.5978 D(x): 0.8178 D(G(z)): 0.2533 / 0.0208
[7/25][58/89] Loss_D: 1.4157 Loss_G: 5.1297 D(x): 0.8065 D(G(z)): 0.6053 / 0.0117
[7/25][59/89] Loss_D: 0.5391 Loss_G: 5.1324 D(x): 0.6801 D(G(z)): 0.0335 / 0.0089
[7/25][60/89] Loss_D: 0.9176 Loss_G: 1.8432 D(x): 0.5405 D(G(z)): 0.1093 / 0.2324
[7/25][61/89] Loss_D: 0.8346 Loss_G: 4.1716 D(x): 0.9211 D(G(z)): 0.4636 / 0.0353
[7/25][62/89] Loss_D: 0.3011 Loss_G: 5.0966 D(x): 0.8248 D(G(z)): 0.0597 / 0.0172
[7/25][63/89] Loss_D: 0.5263 Loss_G: 4.4070 D(x): 0.8488 D(G(z)): 0.2321 / 0.0192
[7/25][64/89] Loss_D: 0.2520 Loss_G: 4.1302 D(x): 0.8515 D(G(z)): 0.0700 / 0.0197
[7/25][65/89] Loss_D: 0.5129 Loss_G: 4.2807 D(x): 0.8251 D(G(z)): 0.2424 / 0.0323
[7/25][66/89] Loss_D: 0.5037 Loss_G: 4.1840 D(x): 0.7879 D(G(z)): 0.1996 / 0.0323
[7/25][67/89] Loss_D: 0.6499 Loss_G: 3.3960 D(x): 0.7126 D(G(z)): 0.2103 / 0.0450
[7/25][68/89] Loss_D: 0.1461 Loss_G: 4.2931 D(x): 0.9815 D(G(z)): 0.1147 / 0.0164
[7/25][69/89] Loss_D: 0.3423 Loss_G: 3.4906 D(x): 0.8050 D(G(z)): 0.0861 / 0.0372
[7/25][70/89] Loss_D: 0.2439 Loss_G: 4.5557 D(x): 0.9698 D(G(z)): 0.1840 / 0.0149
[7/25][71/89] Loss_D: 0.2211 Loss_G: 4.0268 D(x): 0.8700 D(G(z)): 0.0654 / 0.0227
[7/25][72/89] Loss_D: 0.2048 Loss_G: 3.7514 D(x): 0.9272 D(G(z)): 0.1137 / 0.0256
[7/25][73/89] Loss_D: 0.2128 Loss_G: 3.8785 D(x): 0.9115 D(G(z)): 0.1082 / 0.0238
[7/25][74/89] Loss_D: 0.3208 Loss_G: 3.4943 D(x): 0.8442 D(G(z)): 0.1223 / 0.0347
[7/25][75/89] Loss_D: 0.1878 Loss_G: 4.6090 D(x): 0.9594 D(G(z)): 0.1342 / 0.0148
[7/25][76/89] Loss_D: 0.2919 Loss_G: 3.5595 D(x): 0.8208 D(G(z)): 0.0745 / 0.0371
[7/25][77/89] Loss_D: 0.1958 Loss_G: 3.6592 D(x): 0.9414 D(G(z)): 0.1206 / 0.0287
[7/25][78/89] Loss_D: 0.2139 Loss_G: 4.6094 D(x): 0.9554 D(G(z)): 0.1457 / 0.0169
[7/25][79/89] Loss_D: 0.3672 Loss_G: 3.9609 D(x): 0.8322 D(G(z)): 0.1527 / 0.0280
[7/25][80/89] Loss_D: 0.5078 Loss_G: 3.2243 D(x): 0.7506 D(G(z)): 0.1716 / 0.0432
[7/25][81/89] Loss_D: 1.4483 Loss_G: 7.7000 D(x): 0.7060 D(G(z)): 0.6316 / 0.0009
[7/25][82/89] Loss_D: 2.1198 Loss_G: 2.4420 D(x): 0.1916 D(G(z)): 0.0196 / 0.1219
[7/25][83/89] Loss_D: 1.8465 Loss_G: 6.5895 D(x): 0.8936 D(G(z)): 0.7545 / 0.0019
[7/25][84/89] Loss_D: 0.9529 Loss_G: 3.7379 D(x): 0.4439 D(G(z)): 0.0271 / 0.0301
[7/25][85/89] Loss_D: 0.7620 Loss_G: 1.3714 D(x): 0.5887 D(G(z)): 0.1515 / 0.2765
[7/25][86/89] Loss_D: 0.7007 Loss_G: 3.5792 D(x): 0.8197 D(G(z)): 0.3622 / 0.0478
[7/25][87/89] Loss_D: 0.2626 Loss_G: 4.1148 D(x): 0.8492 D(G(z)): 0.0708 / 0.0247
[7/25][88/89] Loss_D: 0.5820 Loss_G: 2.6169 D(x): 0.6041 D(G(z)): 0.0152 / 0.0836
[8/25][0/89] Loss_D: 0.8739 Loss_G: 3.7247 D(x): 0.9883 D(G(z)): 0.5629 / 0.0353
[8/25][1/89] Loss_D: 0.1955 Loss_G: 4.6988 D(x): 0.8549 D(G(z)): 0.0303 / 0.0134
[8/25][2/89] Loss_D: 0.1588 Loss_G: 3.6064 D(x): 0.8965 D(G(z)): 0.0407 / 0.0338
[8/25][3/89] Loss_D: 0.2781 Loss_G: 2.7594 D(x): 0.8879 D(G(z)): 0.1408 / 0.0700
[8/25][4/89] Loss_D: 0.4001 Loss_G: 3.4209 D(x): 0.9580 D(G(z)): 0.2833 / 0.0464
[8/25][5/89] Loss_D: 0.5211 Loss_G: 2.9008 D(x): 0.7112 D(G(z)): 0.1264 / 0.0649
[8/25][6/89] Loss_D: 0.3354 Loss_G: 2.5939 D(x): 0.8826 D(G(z)): 0.1807 / 0.0876
[8/25][7/89] Loss_D: 0.4647 Loss_G: 3.0968 D(x): 0.9583 D(G(z)): 0.3226 / 0.0599
[8/25][8/89] Loss_D: 0.2761 Loss_G: 3.6372 D(x): 0.8563 D(G(z)): 0.1052 / 0.0383
[8/25][9/89] Loss_D: 0.7163 Loss_G: 2.0613 D(x): 0.6031 D(G(z)): 0.1177 / 0.1598
[8/25][10/89] Loss_D: 0.3541 Loss_G: 3.0407 D(x): 0.9565 D(G(z)): 0.2509 / 0.0601
[8/25][11/89] Loss_D: 0.2290 Loss_G: 3.9097 D(x): 0.9257 D(G(z)): 0.1335 / 0.0274
[8/25][12/89] Loss_D: 0.1294 Loss_G: 3.8125 D(x): 0.9531 D(G(z)): 0.0758 / 0.0291
[8/25][13/89] Loss_D: 0.1196 Loss_G: 4.3330 D(x): 0.9161 D(G(z)): 0.0288 / 0.0186
[8/25][14/89] Loss_D: 0.1332 Loss_G: 3.4438 D(x): 0.9551 D(G(z)): 0.0819 / 0.0403
[8/25][15/89] Loss_D: 0.2692 Loss_G: 3.5056 D(x): 0.9432 D(G(z)): 0.1803 / 0.0358
[8/25][16/89] Loss_D: 0.4354 Loss_G: 3.3043 D(x): 0.7780 D(G(z)): 0.1423 / 0.0435
[8/25][17/89] Loss_D: 1.0528 Loss_G: 5.1577 D(x): 0.8022 D(G(z)): 0.5293 / 0.0150
[8/25][18/89] Loss_D: 0.9965 Loss_G: 4.3197 D(x): 0.5253 D(G(z)): 0.0333 / 0.0225
[8/25][19/89] Loss_D: 0.8526 Loss_G: 3.8270 D(x): 0.7036 D(G(z)): 0.2912 / 0.0434
[8/25][20/89] Loss_D: 0.6399 Loss_G: 5.5174 D(x): 0.8066 D(G(z)): 0.2723 / 0.0308
[8/25][21/89] Loss_D: 1.2119 Loss_G: 2.9589 D(x): 0.4804 D(G(z)): 0.0365 / 0.1413
[8/25][22/89] Loss_D: 1.1830 Loss_G: 5.8973 D(x): 0.9653 D(G(z)): 0.5773 / 0.0266
[8/25][23/89] Loss_D: 0.3612 Loss_G: 7.5330 D(x): 0.8019 D(G(z)): 0.0405 / 0.0012
[8/25][24/89] Loss_D: 0.3959 Loss_G: 5.2333 D(x): 0.7451 D(G(z)): 0.0096 / 0.0088
[8/25][25/89] Loss_D: 0.1610 Loss_G: 3.1757 D(x): 0.9009 D(G(z)): 0.0489 / 0.0733
[8/25][26/89] Loss_D: 0.4956 Loss_G: 5.4620 D(x): 0.9444 D(G(z)): 0.3186 / 0.0083
[8/25][27/89] Loss_D: 0.1279 Loss_G: 5.2597 D(x): 0.9275 D(G(z)): 0.0423 / 0.0115
[8/25][28/89] Loss_D: 0.5217 Loss_G: 3.4552 D(x): 0.6926 D(G(z)): 0.0309 / 0.0673
[8/25][29/89] Loss_D: 0.5688 Loss_G: 4.6843 D(x): 0.9241 D(G(z)): 0.2884 / 0.0493
[8/25][30/89] Loss_D: 0.6521 Loss_G: 3.3342 D(x): 0.6698 D(G(z)): 0.1114 / 0.0598
[8/25][31/89] Loss_D: 0.4548 Loss_G: 2.8107 D(x): 0.8255 D(G(z)): 0.1755 / 0.1068
[8/25][32/89] Loss_D: 0.8113 Loss_G: 5.7130 D(x): 0.9430 D(G(z)): 0.4708 / 0.0081
[8/25][33/89] Loss_D: 0.9225 Loss_G: 3.4130 D(x): 0.5303 D(G(z)): 0.0767 / 0.0872
[8/25][34/89] Loss_D: 1.0230 Loss_G: 4.1961 D(x): 0.8939 D(G(z)): 0.5346 / 0.0223
[8/25][35/89] Loss_D: 0.5514 Loss_G: 4.0006 D(x): 0.6877 D(G(z)): 0.1063 / 0.0277
[8/25][36/89] Loss_D: 0.3293 Loss_G: 4.2072 D(x): 0.8914 D(G(z)): 0.1720 / 0.0214
[8/25][37/89] Loss_D: 0.6268 Loss_G: 5.0429 D(x): 0.8280 D(G(z)): 0.2662 / 0.0091
[8/25][38/89] Loss_D: 0.6884 Loss_G: 4.1184 D(x): 0.6760 D(G(z)): 0.1828 / 0.0279
[8/25][39/89] Loss_D: 0.5592 Loss_G: 4.3800 D(x): 0.7470 D(G(z)): 0.1933 / 0.0198
[8/25][40/89] Loss_D: 0.6549 Loss_G: 6.2661 D(x): 0.8712 D(G(z)): 0.3350 / 0.0116
[8/25][41/89] Loss_D: 0.5047 Loss_G: 4.5844 D(x): 0.7338 D(G(z)): 0.0768 / 0.0204
[8/25][42/89] Loss_D: 0.6230 Loss_G: 1.8439 D(x): 0.6529 D(G(z)): 0.0733 / 0.2158
[8/25][43/89] Loss_D: 1.8907 Loss_G: 9.3927 D(x): 0.8519 D(G(z)): 0.7448 / 0.0008
[8/25][44/89] Loss_D: 1.3232 Loss_G: 5.0067 D(x): 0.3625 D(G(z)): 0.0092 / 0.0198
[8/25][45/89] Loss_D: 0.6688 Loss_G: 2.1015 D(x): 0.7281 D(G(z)): 0.1996 / 0.1978
[8/25][46/89] Loss_D: 1.2836 Loss_G: 3.1445 D(x): 0.7314 D(G(z)): 0.4513 / 0.1518
[8/25][47/89] Loss_D: 0.6597 Loss_G: 5.2286 D(x): 0.9436 D(G(z)): 0.3875 / 0.0103
[8/25][48/89] Loss_D: 1.0078 Loss_G: 2.6216 D(x): 0.5100 D(G(z)): 0.0711 / 0.0947
[8/25][49/89] Loss_D: 1.5598 Loss_G: 3.3136 D(x): 0.5941 D(G(z)): 0.4737 / 0.2531
[8/25][50/89] Loss_D: 1.5238 Loss_G: 3.6325 D(x): 0.5587 D(G(z)): 0.3425 / 0.1128
[8/25][51/89] Loss_D: 1.1242 Loss_G: 5.2933 D(x): 0.7188 D(G(z)): 0.3338 / 0.0113
[8/25][52/89] Loss_D: 0.5375 Loss_G: 3.2835 D(x): 0.6974 D(G(z)): 0.0728 / 0.0877
[8/25][53/89] Loss_D: 1.2003 Loss_G: 5.9063 D(x): 0.9248 D(G(z)): 0.5829 / 0.0062
[8/25][54/89] Loss_D: 1.0321 Loss_G: 3.5200 D(x): 0.5662 D(G(z)): 0.1118 / 0.0575
[8/25][55/89] Loss_D: 0.8165 Loss_G: 2.6085 D(x): 0.6607 D(G(z)): 0.2353 / 0.1467
[8/25][56/89] Loss_D: 0.4811 Loss_G: 2.7838 D(x): 0.7516 D(G(z)): 0.1403 / 0.0920
[8/25][57/89] Loss_D: 0.6104 Loss_G: 4.6532 D(x): 0.8922 D(G(z)): 0.3486 / 0.0122
[8/25][58/89] Loss_D: 1.7551 Loss_G: 0.7362 D(x): 0.2927 D(G(z)): 0.1590 / 0.5015
[8/25][59/89] Loss_D: 1.2214 Loss_G: 6.4172 D(x): 0.9721 D(G(z)): 0.6468 / 0.0048
[8/25][60/89] Loss_D: 0.3074 Loss_G: 5.8522 D(x): 0.8155 D(G(z)): 0.0609 / 0.0099
[8/25][61/89] Loss_D: 1.0409 Loss_G: 1.4961 D(x): 0.4272 D(G(z)): 0.0559 / 0.2850
[8/25][62/89] Loss_D: 1.6308 Loss_G: 3.6351 D(x): 0.8287 D(G(z)): 0.7049 / 0.0499
[8/25][63/89] Loss_D: 1.2048 Loss_G: 2.5178 D(x): 0.4763 D(G(z)): 0.2623 / 0.1080
[8/25][64/89] Loss_D: 0.6021 Loss_G: 2.8552 D(x): 0.7868 D(G(z)): 0.2608 / 0.0826
[8/25][65/89] Loss_D: 0.5010 Loss_G: 3.3987 D(x): 0.8805 D(G(z)): 0.2910 / 0.0422
[8/25][66/89] Loss_D: 0.7939 Loss_G: 3.0957 D(x): 0.6424 D(G(z)): 0.2248 / 0.0706
[8/25][67/89] Loss_D: 0.7507 Loss_G: 3.9225 D(x): 0.7770 D(G(z)): 0.3349 / 0.0309
[8/25][68/89] Loss_D: 0.5897 Loss_G: 2.8724 D(x): 0.6631 D(G(z)): 0.0832 / 0.0774
[8/25][69/89] Loss_D: 0.5185 Loss_G: 5.2520 D(x): 0.9326 D(G(z)): 0.3312 / 0.0081
[8/25][70/89] Loss_D: 0.7262 Loss_G: 2.9261 D(x): 0.5561 D(G(z)): 0.0430 / 0.0669
[8/25][71/89] Loss_D: 0.4865 Loss_G: 4.7983 D(x): 0.9506 D(G(z)): 0.3241 / 0.0179
[8/25][72/89] Loss_D: 0.5462 Loss_G: 4.0202 D(x): 0.7313 D(G(z)): 0.0898 / 0.0228
[8/25][73/89] Loss_D: 0.5132 Loss_G: 4.3493 D(x): 0.8343 D(G(z)): 0.2385 / 0.0168
[8/25][74/89] Loss_D: 0.5281 Loss_G: 3.0314 D(x): 0.6756 D(G(z)): 0.0831 / 0.0646
[8/25][75/89] Loss_D: 0.8733 Loss_G: 6.7481 D(x): 0.9236 D(G(z)): 0.4938 / 0.0036
[8/25][76/89] Loss_D: 0.4870 Loss_G: 6.2870 D(x): 0.6500 D(G(z)): 0.0083 / 0.0048
[8/25][77/89] Loss_D: 0.4808 Loss_G: 2.6932 D(x): 0.6615 D(G(z)): 0.0168 / 0.1006
[8/25][78/89] Loss_D: 0.6492 Loss_G: 5.4315 D(x): 0.9720 D(G(z)): 0.4097 / 0.0101
[8/25][79/89] Loss_D: 0.2159 Loss_G: 5.1398 D(x): 0.8647 D(G(z)): 0.0564 / 0.0120
[8/25][80/89] Loss_D: 0.9174 Loss_G: 3.8528 D(x): 0.8135 D(G(z)): 0.4518 / 0.0290
[8/25][81/89] Loss_D: 1.5218 Loss_G: 1.8380 D(x): 0.3466 D(G(z)): 0.0989 / 0.2042
[8/25][82/89] Loss_D: 1.4240 Loss_G: 2.7935 D(x): 0.6986 D(G(z)): 0.5670 / 0.1181
[8/25][83/89] Loss_D: 0.1709 Loss_G: 4.8684 D(x): 0.9583 D(G(z)): 0.1128 / 0.0163
[8/25][84/89] Loss_D: 0.1983 Loss_G: 4.2206 D(x): 0.9533 D(G(z)): 0.1285 / 0.0202
[8/25][85/89] Loss_D: 0.2174 Loss_G: 4.3265 D(x): 0.9431 D(G(z)): 0.1370 / 0.0192
[8/25][86/89] Loss_D: 0.5180 Loss_G: 2.9094 D(x): 0.7006 D(G(z)): 0.0833 / 0.1171
[8/25][87/89] Loss_D: 1.6813 Loss_G: 7.0915 D(x): 0.9364 D(G(z)): 0.7188 / 0.0024
[8/25][88/89] Loss_D: 2.7435 Loss_G: 3.8506 D(x): 0.1165 D(G(z)): 0.0087 / 0.1111
[9/25][0/89] Loss_D: 0.9181 Loss_G: 3.0935 D(x): 0.9408 D(G(z)): 0.4057 / 0.0621
[9/25][1/89] Loss_D: 1.0570 Loss_G: 7.3360 D(x): 0.9628 D(G(z)): 0.5660 / 0.0011
[9/25][2/89] Loss_D: 0.8009 Loss_G: 4.5585 D(x): 0.5152 D(G(z)): 0.0143 / 0.0228
[9/25][3/89] Loss_D: 0.4608 Loss_G: 2.4231 D(x): 0.7922 D(G(z)): 0.1720 / 0.1435
[9/25][4/89] Loss_D: 0.6101 Loss_G: 3.6797 D(x): 0.8242 D(G(z)): 0.3030 / 0.0432
[9/25][5/89] Loss_D: 0.3675 Loss_G: 4.5118 D(x): 0.8589 D(G(z)): 0.1699 / 0.0156
[9/25][6/89] Loss_D: 0.7586 Loss_G: 2.3897 D(x): 0.5793 D(G(z)): 0.0655 / 0.1273
[9/25][7/89] Loss_D: 0.8784 Loss_G: 4.1278 D(x): 0.8626 D(G(z)): 0.4629 / 0.0252
[9/25][8/89] Loss_D: 0.4459 Loss_G: 4.1045 D(x): 0.7185 D(G(z)): 0.0524 / 0.0236
[9/25][9/89] Loss_D: 1.2553 Loss_G: 0.7268 D(x): 0.4003 D(G(z)): 0.0879 / 0.5477
[9/25][10/89] Loss_D: 1.4697 Loss_G: 4.8807 D(x): 0.9627 D(G(z)): 0.6987 / 0.0181
[9/25][11/89] Loss_D: 0.2613 Loss_G: 5.6136 D(x): 0.8200 D(G(z)): 0.0392 / 0.0071
[9/25][12/89] Loss_D: 0.5771 Loss_G: 2.9824 D(x): 0.6850 D(G(z)): 0.0609 / 0.0859
[9/25][13/89] Loss_D: 0.4722 Loss_G: 3.8724 D(x): 0.9206 D(G(z)): 0.2863 / 0.0335
[9/25][14/89] Loss_D: 0.5046 Loss_G: 4.6786 D(x): 0.8788 D(G(z)): 0.2759 / 0.0158
[9/25][15/89] Loss_D: 0.4728 Loss_G: 4.0875 D(x): 0.8093 D(G(z)): 0.1859 / 0.0245
[9/25][16/89] Loss_D: 0.8524 Loss_G: 2.7506 D(x): 0.6156 D(G(z)): 0.2419 / 0.0765
[9/25][17/89] Loss_D: 0.7925 Loss_G: 2.9004 D(x): 0.6641 D(G(z)): 0.2306 / 0.0711
[9/25][18/89] Loss_D: 0.3528 Loss_G: 4.4694 D(x): 0.9206 D(G(z)): 0.2101 / 0.0148
[9/25][19/89] Loss_D: 0.3903 Loss_G: 3.5633 D(x): 0.7620 D(G(z)): 0.0642 / 0.0363
[9/25][20/89] Loss_D: 0.6626 Loss_G: 5.6342 D(x): 0.9447 D(G(z)): 0.4274 / 0.0048
[9/25][21/89] Loss_D: 0.8358 Loss_G: 3.0025 D(x): 0.5317 D(G(z)): 0.0528 / 0.0677
[9/25][22/89] Loss_D: 1.0041 Loss_G: 5.3232 D(x): 0.8568 D(G(z)): 0.5059 / 0.0083
[9/25][23/89] Loss_D: 0.8643 Loss_G: 3.7577 D(x): 0.6098 D(G(z)): 0.1889 / 0.0671
[9/25][24/89] Loss_D: 0.5059 Loss_G: 4.1271 D(x): 0.7637 D(G(z)): 0.1451 / 0.0396
[9/25][25/89] Loss_D: 0.7809 Loss_G: 3.3968 D(x): 0.6558 D(G(z)): 0.2073 / 0.0537
[9/25][26/89] Loss_D: 0.3614 Loss_G: 4.1246 D(x): 0.8338 D(G(z)): 0.1413 / 0.0236
[9/25][27/89] Loss_D: 0.2688 Loss_G: 4.5424 D(x): 0.9201 D(G(z)): 0.1562 / 0.0154
[9/25][28/89] Loss_D: 0.2173 Loss_G: 4.4678 D(x): 0.8669 D(G(z)): 0.0493 / 0.0170
[9/25][29/89] Loss_D: 0.6319 Loss_G: 4.3965 D(x): 0.8142 D(G(z)): 0.3168 / 0.0181
[9/25][30/89] Loss_D: 0.3840 Loss_G: 3.6155 D(x): 0.7615 D(G(z)): 0.0600 / 0.0354
[9/25][31/89] Loss_D: 0.6626 Loss_G: 2.1000 D(x): 0.6884 D(G(z)): 0.1723 / 0.1968
[9/25][32/89] Loss_D: 1.2602 Loss_G: 4.6492 D(x): 0.7225 D(G(z)): 0.5120 / 0.0625
[9/25][33/89] Loss_D: 0.5803 Loss_G: 5.9129 D(x): 0.7742 D(G(z)): 0.1643 / 0.0045
[9/25][34/89] Loss_D: 0.2502 Loss_G: 5.0916 D(x): 0.8073 D(G(z)): 0.0137 / 0.0178
[9/25][35/89] Loss_D: 0.2060 Loss_G: 4.1722 D(x): 0.8891 D(G(z)): 0.0655 / 0.0223
[9/25][36/89] Loss_D: 0.9237 Loss_G: 7.5181 D(x): 0.9794 D(G(z)): 0.5547 / 0.0048
[9/25][37/89] Loss_D: 1.1257 Loss_G: 2.9497 D(x): 0.4085 D(G(z)): 0.0213 / 0.0958
[9/25][38/89] Loss_D: 0.8156 Loss_G: 6.2565 D(x): 0.8096 D(G(z)): 0.3920 / 0.0047
[9/25][39/89] Loss_D: 0.5358 Loss_G: 1.7041 D(x): 0.7132 D(G(z)): 0.0754 / 0.2380
[9/25][40/89] Loss_D: 1.8847 Loss_G: 9.1293 D(x): 0.9740 D(G(z)): 0.7972 / 0.0003
[9/25][41/89] Loss_D: 3.6671 Loss_G: 1.5141 D(x): 0.0406 D(G(z)): 0.0012 / 0.2615
[9/25][42/89] Loss_D: 1.3964 Loss_G: 4.7442 D(x): 0.8418 D(G(z)): 0.6533 / 0.0158
[9/25][43/89] Loss_D: 0.3975 Loss_G: 4.0870 D(x): 0.7643 D(G(z)): 0.0923 / 0.0211
[9/25][44/89] Loss_D: 0.5426 Loss_G: 1.9424 D(x): 0.6674 D(G(z)): 0.0727 / 0.1616
[9/25][45/89] Loss_D: 0.4385 Loss_G: 3.1495 D(x): 0.8599 D(G(z)): 0.2269 / 0.0521
[9/25][46/89] Loss_D: 0.7928 Loss_G: 3.9825 D(x): 0.8321 D(G(z)): 0.4281 / 0.0295
[9/25][47/89] Loss_D: 0.7798 Loss_G: 2.6584 D(x): 0.5358 D(G(z)): 0.0571 / 0.0952
[9/25][48/89] Loss_D: 0.8665 Loss_G: 2.1587 D(x): 0.7573 D(G(z)): 0.3774 / 0.1508
[9/25][49/89] Loss_D: 0.7474 Loss_G: 3.8009 D(x): 0.8769 D(G(z)): 0.4096 / 0.0327
[9/25][50/89] Loss_D: 0.3503 Loss_G: 3.8732 D(x): 0.7775 D(G(z)): 0.0673 / 0.0285
[9/25][51/89] Loss_D: 0.7313 Loss_G: 2.7390 D(x): 0.6974 D(G(z)): 0.2629 / 0.1011
[9/25][52/89] Loss_D: 0.4086 Loss_G: 3.5079 D(x): 0.8792 D(G(z)): 0.2216 / 0.0379
[9/25][53/89] Loss_D: 0.2197 Loss_G: 3.8010 D(x): 0.8699 D(G(z)): 0.0706 / 0.0258
[9/25][54/89] Loss_D: 0.3022 Loss_G: 2.9825 D(x): 0.8279 D(G(z)): 0.0923 / 0.0614
[9/25][55/89] Loss_D: 0.5028 Loss_G: 3.1507 D(x): 0.8154 D(G(z)): 0.2439 / 0.0573
[9/25][56/89] Loss_D: 0.2162 Loss_G: 4.1155 D(x): 0.9066 D(G(z)): 0.1066 / 0.0232
[9/25][57/89] Loss_D: 0.4328 Loss_G: 5.3020 D(x): 0.9344 D(G(z)): 0.2800 / 0.0080
[9/25][58/89] Loss_D: 0.7410 Loss_G: 2.7302 D(x): 0.5512 D(G(z)): 0.0303 / 0.0815
[9/25][59/89] Loss_D: 0.4639 Loss_G: 3.9436 D(x): 0.8815 D(G(z)): 0.2536 / 0.0315
[9/25][60/89] Loss_D: 0.3077 Loss_G: 4.0772 D(x): 0.8853 D(G(z)): 0.1568 / 0.0264
[9/25][61/89] Loss_D: 0.2330 Loss_G: 4.0731 D(x): 0.9301 D(G(z)): 0.1414 / 0.0204
[9/25][62/89] Loss_D: 0.4942 Loss_G: 3.5425 D(x): 0.7824 D(G(z)): 0.1575 / 0.0410
[9/25][63/89] Loss_D: 0.4557 Loss_G: 2.4913 D(x): 0.7337 D(G(z)): 0.0555 / 0.1656
[9/25][64/89] Loss_D: 0.9497 Loss_G: 7.5031 D(x): 0.9490 D(G(z)): 0.4960 / 0.0010
[9/25][65/89] Loss_D: 1.0715 Loss_G: 2.2808 D(x): 0.4330 D(G(z)): 0.0162 / 0.1319
[9/25][66/89] Loss_D: 0.4824 Loss_G: 5.2035 D(x): 0.9387 D(G(z)): 0.3026 / 0.0191
